#
# There is insufficient memory for the Java Runtime Environment to continue.
# Native memory allocation (malloc) failed to allocate 1603056 bytes for Chunk::new
# Possible reasons:
#   The system is out of physical RAM or swap space
#   The process is running with CompressedOops enabled, and the Java Heap may be blocking the growth of the native heap
# Possible solutions:
#   Reduce memory load on the system
#   Increase physical memory or swap space
#   Check if swap backing store is full
#   Decrease Java heap size (-Xmx/-Xms)
#   Decrease number of Java threads
#   Decrease Java thread stack sizes (-Xss)
#   Set larger code cache with -XX:ReservedCodeCacheSize=
#   JVM is running with Unscaled Compressed Oops mode in which the Java heap is
#     placed in the first 4GB address space. The Java Heap base address is the
#     maximum limit for the native heap growth. Please use -XX:HeapBaseMinAddress
#     to set the Java Heap base and to place the Java Heap above 4GB virtual address.
# This output file may be truncated or incomplete.
#
#  Out of Memory Error (./open/src/hotspot/share/memory/arena.cpp:197), pid=19208, tid=4132
#
# JRE version: Java(TM) SE Runtime Environment 18.9 (11.0.17+10) (build 11.0.17+10-LTS-269)
# Java VM: Java HotSpot(TM) 64-Bit Server VM 18.9 (11.0.17+10-LTS-269, mixed mode, tiered, compressed oops, g1 gc, windows-amd64)
# No core dump will be written. Minidumps are not enabled by default on client versions of Windows
#

---------------  S U M M A R Y ------------

Command Line: --add-opens=java.base/java.util=ALL-UNNAMED --add-opens=java.base/java.lang=ALL-UNNAMED --add-opens=java.base/java.lang.invoke=ALL-UNNAMED --add-opens=java.prefs/java.util.prefs=ALL-UNNAMED --add-opens=java.base/java.nio.charset=ALL-UNNAMED --add-opens=java.base/java.net=ALL-UNNAMED --add-opens=java.base/java.util.concurrent.atomic=ALL-UNNAMED -XX:MaxMetaspaceSize=256m -XX:+HeapDumpOnOutOfMemoryError -Xms256m -Xmx512m -Dfile.encoding=x-windows-949 -Duser.country=KR -Duser.language=ko -Duser.variant org.gradle.launcher.daemon.bootstrap.GradleDaemon 7.6.1

Host: AMD Ryzen 3 3300X 4-Core Processor             , 8 cores, 15G,  Windows 10 , 64 bit Build 19041 (10.0.19041.2788)
Time: Sun May  7 22:58:27 2023  Windows 10 , 64 bit Build 19041 (10.0.19041.2788) elapsed time: 3311.440732 seconds (0d 0h 55m 11s)

---------------  T H R E A D  ---------------

Current thread (0x000001ecfdc41000):  JavaThread "C2 CompilerThread0" daemon [_thread_in_native, id=4132, stack(0x0000001ce5900000,0x0000001ce5a00000)]


Current CompileTask:
C2:3311440 23103       4       org.codehaus.groovy.util.LazyReference::get (44 bytes)

Stack: [0x0000001ce5900000,0x0000001ce5a00000]
Native frames: (J=compiled Java code, j=interpreted, Vv=VM code, C=native code)
V  [jvm.dll+0x62b5da]
V  [jvm.dll+0x7653df]
V  [jvm.dll+0x766a89]
V  [jvm.dll+0x767113]
V  [jvm.dll+0x23dd28]
V  [jvm.dll+0xb2a1c]
V  [jvm.dll+0xb2fdc]
V  [jvm.dll+0x341597]
V  [jvm.dll+0x30ef13]
V  [jvm.dll+0x30e25a]
V  [jvm.dll+0x1f8733]
V  [jvm.dll+0x1f78fd]
V  [jvm.dll+0x177c91]
V  [jvm.dll+0x207296]
V  [jvm.dll+0x20542b]
V  [jvm.dll+0x72b2c0]
V  [jvm.dll+0x723e64]
V  [jvm.dll+0x62a485]
C  [ucrtbase.dll+0x21bb2]
C  [KERNEL32.DLL+0x17604]
C  [ntdll.dll+0x526a1]


---------------  P R O C E S S  ---------------

Threads class SMR info:
_java_thread_list=0x000001ec80be49f0, length=145, elements={
0x000001ece2bda800, 0x000001ecfd30b000, 0x000001ecfd338800, 0x000001ecfdc3a000,
0x000001ecfdc3c000, 0x000001ecfdc3d000, 0x000001ecfdc41000, 0x000001ecfdc45800,
0x000001ecfd357000, 0x000001ecfdde6000, 0x000001ecff51e800, 0x000001ec800b7800,
0x000001ecfdeee800, 0x000001ec806a6000, 0x000001ec806a0000, 0x000001ec806a2800,
0x000001ec806a1000, 0x000001ec806a6800, 0x000001ec806a3800, 0x000001ecff3df800,
0x000001ecff3e2800, 0x000001ecff3de000, 0x000001ecff3e5000, 0x000001ecff3e6000,
0x000001ecff3eb000, 0x000001ec804da000, 0x000001ec804e0800, 0x000001ec804db000,
0x000001ec804e1800, 0x000001ec873d8800, 0x000001ecfea91000, 0x000001ecfea8e800,
0x000001ec83837000, 0x000001ec84f75000, 0x000001ec84f75800, 0x000001ec81415800,
0x000001ec88c06000, 0x000001ecfea91800, 0x000001ec804d7000, 0x000001ec804d7800,
0x000001ec804d4800, 0x000001ec804d5000, 0x000001ec804d6000, 0x000001ec804d3000,
0x000001ec804d8800, 0x000001ec804d9800, 0x000001ec804d3800, 0x000001ec804dc800,
0x000001ec804dd800, 0x000001ec804de000, 0x000001ec804df000, 0x000001ec804e0000,
0x000001ec88c07800, 0x000001ec88c0c800, 0x000001ec88c08800, 0x000001ec88c07000,
0x000001ec88c0a000, 0x000001ec88c0d800, 0x000001ec88c0b000, 0x000001ec88c0f000,
0x000001ec88c09800, 0x000001ec88c11800, 0x000001ec88c0c000, 0x000001ec88c10000,
0x000001ec88c14000, 0x000001ec88c12800, 0x000001ec88c13000, 0x000001ec88c10800,
0x000001ec88c0e800, 0x000001ec88c15000, 0x000001ec873cf800, 0x000001ec873cd000,
0x000001ec873d3800, 0x000001ec873d2000, 0x000001ec873d0800, 0x000001ec873ce000,
0x000001ec873d4800, 0x000001ec873cf000, 0x000001ec873d3000, 0x000001ec873d5800,
0x000001ec873d1800, 0x000001ec873dc000, 0x000001ec873d9800, 0x000001ec873da000,
0x000001ec873d8000, 0x000001ec873d6000, 0x000001ec873d7000, 0x000001ec873db000,
0x000001ec8382e000, 0x000001ec8382f000, 0x000001ec8382f800, 0x000001ec8382d800,
0x000001ec83830800, 0x000001ec83831800, 0x000001ec8382b800, 0x000001ec83832000,
0x000001ec8382c800, 0x000001ec83838800, 0x000001ec83833000, 0x000001ec83839800,
0x000001ec83835800, 0x000001ec83838000, 0x000001ec83836800, 0x000001ec83834800,
0x000001ec83834000, 0x000001ec8383a800, 0x000001ec81416000, 0x000001ec81411000,
0x000001ec81412000, 0x000001ec81418800, 0x000001ec81417000, 0x000001ec81414800,
0x000001ec81413000, 0x000001ec81413800, 0x000001ec8141d800, 0x000001ec81419800,
0x000001ec8141b000, 0x000001ec8141c000, 0x000001ec81417800, 0x000001ec8141c800,
0x000001ec8141e800, 0x000001ec8141f000, 0x000001ec81420000, 0x000001ec84f6d800,
0x000001ec84f6b000, 0x000001ec84f6c000, 0x000001ec84f6a800, 0x000001ec84f6e800,
0x000001ec84f68800, 0x000001ec84f6f000, 0x000001ec84f69800, 0x000001ec84f71000,
0x000001ec84f70000, 0x000001ec84f76800, 0x000001ec84f77800, 0x000001ec84f72800,
0x000001ec84f74000, 0x000001ec84f71800, 0x000001ec84f73800, 0x000001ecfea8b000,
0x000001ecfea8c000, 0x000001ecfea92800, 0x000001ecfea8c800, 0x000001ecfea93800,
0x000001ecfea8d800
}

Java Threads: ( => current thread )
  0x000001ece2bda800 JavaThread "main" [_thread_blocked, id=12600, stack(0x0000001ce4d00000,0x0000001ce4e00000)]
  0x000001ecfd30b000 JavaThread "Reference Handler" daemon [_thread_blocked, id=21832, stack(0x0000001ce5400000,0x0000001ce5500000)]
  0x000001ecfd338800 JavaThread "Finalizer" daemon [_thread_blocked, id=12764, stack(0x0000001ce5500000,0x0000001ce5600000)]
  0x000001ecfdc3a000 JavaThread "Signal Dispatcher" daemon [_thread_blocked, id=12784, stack(0x0000001ce5600000,0x0000001ce5700000)]
  0x000001ecfdc3c000 JavaThread "Attach Listener" daemon [_thread_blocked, id=17456, stack(0x0000001ce5700000,0x0000001ce5800000)]
  0x000001ecfdc3d000 JavaThread "Service Thread" daemon [_thread_blocked, id=20836, stack(0x0000001ce5800000,0x0000001ce5900000)]
=>0x000001ecfdc41000 JavaThread "C2 CompilerThread0" daemon [_thread_in_native, id=4132, stack(0x0000001ce5900000,0x0000001ce5a00000)]
  0x000001ecfdc45800 JavaThread "C1 CompilerThread0" daemon [_thread_blocked, id=17584, stack(0x0000001ce5a00000,0x0000001ce5b00000)]
  0x000001ecfd357000 JavaThread "Sweeper thread" daemon [_thread_blocked, id=10712, stack(0x0000001ce5b00000,0x0000001ce5c00000)]
  0x000001ecfdde6000 JavaThread "Common-Cleaner" daemon [_thread_blocked, id=15996, stack(0x0000001ce5c00000,0x0000001ce5d00000)]
  0x000001ecff51e800 JavaThread "Daemon health stats" [_thread_blocked, id=11060, stack(0x0000001ce6500000,0x0000001ce6600000)]
  0x000001ec800b7800 JavaThread "Incoming local TCP Connector on port 58142" [_thread_in_native, id=9040, stack(0x0000001ce6400000,0x0000001ce6500000)]
  0x000001ecfdeee800 JavaThread "Daemon periodic checks" [_thread_blocked, id=6872, stack(0x0000001ce6600000,0x0000001ce6700000)]
  0x000001ec806a6000 JavaThread "Cache worker for journal cache (C:\Users\USER\.gradle\caches\journal-1)" [_thread_blocked, id=15616, stack(0x0000001ce6e00000,0x0000001ce6f00000)]
  0x000001ec806a0000 JavaThread "File lock request listener" [_thread_in_native, id=21440, stack(0x0000001ce7100000,0x0000001ce7200000)]
  0x000001ec806a2800 JavaThread "Cache worker for file hash cache (C:\Users\USER\.gradle\caches\7.6.1\fileHashes)" [_thread_blocked, id=21576, stack(0x0000001ce7200000,0x0000001ce7300000)]
  0x000001ec806a1000 JavaThread "File watcher server" daemon [_thread_in_native, id=19176, stack(0x0000001ce7400000,0x0000001ce7500000)]
  0x000001ec806a6800 JavaThread "File watcher consumer" daemon [_thread_blocked, id=21548, stack(0x0000001ce7500000,0x0000001ce7600000)]
  0x000001ec806a3800 JavaThread "Cache worker for file content cache (C:\Users\USER\.gradle\caches\7.6.1\fileContent)" [_thread_blocked, id=21400, stack(0x0000001ce7800000,0x0000001ce7900000)]
  0x000001ecff3df800 JavaThread "Cache worker for execution history cache (C:\Users\USER\.gradle\caches\7.6.1\executionHistory)" [_thread_blocked, id=22056, stack(0x0000001ce7b00000,0x0000001ce7c00000)]
  0x000001ecff3e2800 JavaThread "jar transforms" [_thread_blocked, id=4572, stack(0x0000001ce7c00000,0x0000001ce7d00000)]
  0x000001ecff3de000 JavaThread "jar transforms Thread 2" [_thread_blocked, id=16684, stack(0x0000001ce7d00000,0x0000001ce7e00000)]
  0x000001ecff3e5000 JavaThread "jar transforms Thread 3" [_thread_blocked, id=5400, stack(0x0000001ce7f00000,0x0000001ce8000000)]
  0x000001ecff3e6000 JavaThread "jar transforms Thread 4" [_thread_blocked, id=7216, stack(0x0000001ce8000000,0x0000001ce8100000)]
  0x000001ecff3eb000 JavaThread "jar transforms Thread 5" [_thread_blocked, id=10996, stack(0x0000001ce8200000,0x0000001ce8300000)]
  0x000001ec804da000 JavaThread "jar transforms Thread 6" [_thread_blocked, id=20920, stack(0x0000001ce9700000,0x0000001ce9800000)]
  0x000001ec804e0800 JavaThread "jar transforms Thread 7" [_thread_blocked, id=8664, stack(0x0000001ce9800000,0x0000001ce9900000)]
  0x000001ec804db000 JavaThread "jar transforms Thread 8" [_thread_blocked, id=4924, stack(0x0000001ce9900000,0x0000001ce9a00000)]
  0x000001ec804e1800 JavaThread "Memory manager" [_thread_blocked, id=1736, stack(0x0000001ce9b00000,0x0000001ce9c00000)]
  0x000001ec873d8800 JavaThread "Cache worker for Java compile cache (C:\Users\USER\.gradle\caches\7.6.1\javaCompile)" [_thread_blocked, id=22716, stack(0x0000001cee200000,0x0000001cee300000)]
  0x000001ecfea91000 JavaThread "Daemon Thread 13" [_thread_blocked, id=18220, stack(0x0000001ce4a00000,0x0000001ce4b00000)]
  0x000001ecfea8e800 JavaThread "Daemon worker Thread 13" [_thread_blocked, id=12452, stack(0x0000001ce5e00000,0x0000001ce5f00000)]
  0x000001ec83837000 JavaThread "included builds" [_thread_blocked, id=1428, stack(0x0000001ced500000,0x0000001ced600000)]
  0x000001ec84f75000 JavaThread "Exec process" [_thread_in_native, id=23008, stack(0x0000001ceea00000,0x0000001ceeb00000)]
  0x000001ec84f75800 JavaThread "Exec process Thread 2" [_thread_in_native, id=4644, stack(0x0000001cef100000,0x0000001cef200000)]
  0x000001ec81415800 JavaThread "Exec process Thread 3" [_thread_in_native, id=1268, stack(0x0000001cef200000,0x0000001cef300000)]
  0x000001ec88c06000 JavaThread "Exec process Thread 4" [_thread_blocked, id=4760, stack(0x0000001cef300000,0x0000001cef400000)]
  0x000001ecfea91800 JavaThread "included builds" [_thread_blocked, id=22824, stack(0x0000001ced600000,0x0000001ced700000)]
  0x000001ec804d7000 JavaThread "Handler for socket connection from /127.0.0.1:58142 to /127.0.0.1:53108" [_thread_in_native, id=12872, stack(0x0000001ce4b00000,0x0000001ce4c00000)]
  0x000001ec804d7800 JavaThread "Cancel handler" [_thread_blocked, id=17852, stack(0x0000001ce4c00000,0x0000001ce4d00000)]
  0x000001ec804d4800 JavaThread "Asynchronous log dispatcher for DefaultDaemonConnection: socket connection from /127.0.0.1:58142 to /127.0.0.1:53108" [_thread_blocked, id=21604, stack(0x0000001ce6700000,0x0000001ce6800000)]
  0x000001ec804d5000 JavaThread "Stdin handler" [_thread_blocked, id=22800, stack(0x0000001ce6800000,0x0000001ce6900000)]
  0x000001ec804d6000 JavaThread "Daemon client event forwarder" [_thread_blocked, id=23548, stack(0x0000001ce6900000,0x0000001ce6a00000)]
  0x000001ec804d3000 JavaThread "Cache worker for checksums cache (C:\gb_0900_ksh\springJPA_team_project\Simbongsa\.gradle\7.6.1\checksums)" [_thread_blocked, id=19276, stack(0x0000001ce6a00000,0x0000001ce6b00000)]
  0x000001ec804d8800 JavaThread "Cache worker for cache directory md-rule (C:\Users\USER\.gradle\caches\7.6.1\md-rule)" [_thread_blocked, id=19800, stack(0x0000001ce6b00000,0x0000001ce6c00000)]
  0x000001ec804d9800 JavaThread "Cache worker for file hash cache (C:\gb_0900_ksh\springJPA_team_project\Simbongsa\.gradle\7.6.1\fileHashes)" [_thread_blocked, id=21952, stack(0x0000001ce6c00000,0x0000001ce6d00000)]
  0x000001ec804d3800 JavaThread "Cache worker for cache directory md-supplier (C:\Users\USER\.gradle\caches\7.6.1\md-supplier)" [_thread_blocked, id=12708, stack(0x0000001ce6d00000,0x0000001ce6e00000)]
  0x000001ec804dc800 JavaThread "Cache worker for dependencies-accessors (C:\gb_0900_ksh\springJPA_team_project\Simbongsa\.gradle\7.6.1\dependencies-accessors)" [_thread_blocked, id=2472, stack(0x0000001ce7700000,0x0000001ce7800000)]
  0x000001ec804dd800 JavaThread "Cache worker for Build Output Cleanup Cache (C:\gb_0900_ksh\springJPA_team_project\Simbongsa\.gradle\buildOutputCleanup)" [_thread_blocked, id=2100, stack(0x0000001ce7900000,0x0000001ce7a00000)]
  0x000001ec804de000 JavaThread "Unconstrained build operations" [_thread_blocked, id=13908, stack(0x0000001ce7a00000,0x0000001ce7b00000)]
  0x000001ec804df000 JavaThread "Unconstrained build operations Thread 2" [_thread_blocked, id=9780, stack(0x0000001ce7e00000,0x0000001ce7f00000)]
  0x000001ec804e0000 JavaThread "Unconstrained build operations Thread 3" [_thread_blocked, id=10880, stack(0x0000001ce8100000,0x0000001ce8200000)]
  0x000001ec88c07800 JavaThread "Unconstrained build operations Thread 4" [_thread_blocked, id=15148, stack(0x0000001ce8300000,0x0000001ce8400000)]
  0x000001ec88c0c800 JavaThread "Unconstrained build operations Thread 5" [_thread_blocked, id=4816, stack(0x0000001ce8400000,0x0000001ce8500000)]
  0x000001ec88c08800 JavaThread "Unconstrained build operations Thread 6" [_thread_blocked, id=7156, stack(0x0000001ce8500000,0x0000001ce8600000)]
  0x000001ec88c07000 JavaThread "Unconstrained build operations Thread 7" [_thread_blocked, id=14116, stack(0x0000001ce8600000,0x0000001ce8700000)]
  0x000001ec88c0a000 JavaThread "Unconstrained build operations Thread 8" [_thread_blocked, id=20840, stack(0x0000001ce8700000,0x0000001ce8800000)]
  0x000001ec88c0d800 JavaThread "Unconstrained build operations Thread 9" [_thread_blocked, id=6464, stack(0x0000001ce8800000,0x0000001ce8900000)]
  0x000001ec88c0b000 JavaThread "Unconstrained build operations Thread 10" [_thread_blocked, id=13532, stack(0x0000001ce8900000,0x0000001ce8a00000)]
  0x000001ec88c0f000 JavaThread "Unconstrained build operations Thread 11" [_thread_blocked, id=14988, stack(0x0000001ce8a00000,0x0000001ce8b00000)]
  0x000001ec88c09800 JavaThread "Unconstrained build operations Thread 12" [_thread_blocked, id=10896, stack(0x0000001ce8b00000,0x0000001ce8c00000)]
  0x000001ec88c11800 JavaThread "Unconstrained build operations Thread 13" [_thread_blocked, id=14000, stack(0x0000001ce8c00000,0x0000001ce8d00000)]
  0x000001ec88c0c000 JavaThread "Unconstrained build operations Thread 14" [_thread_blocked, id=6268, stack(0x0000001ce8d00000,0x0000001ce8e00000)]
  0x000001ec88c10000 JavaThread "Unconstrained build operations Thread 15" [_thread_blocked, id=22516, stack(0x0000001ce8e00000,0x0000001ce8f00000)]
  0x000001ec88c14000 JavaThread "Unconstrained build operations Thread 16" [_thread_blocked, id=16980, stack(0x0000001ce8f00000,0x0000001ce9000000)]
  0x000001ec88c12800 JavaThread "Unconstrained build operations Thread 17" [_thread_blocked, id=21808, stack(0x0000001ce9000000,0x0000001ce9100000)]
  0x000001ec88c13000 JavaThread "Unconstrained build operations Thread 18" [_thread_blocked, id=20952, stack(0x0000001ce9100000,0x0000001ce9200000)]
  0x000001ec88c10800 JavaThread "Unconstrained build operations Thread 19" [_thread_blocked, id=6032, stack(0x0000001ce9200000,0x0000001ce9300000)]
  0x000001ec88c0e800 JavaThread "Unconstrained build operations Thread 20" [_thread_blocked, id=9236, stack(0x0000001ce9400000,0x0000001ce9500000)]
  0x000001ec88c15000 JavaThread "Unconstrained build operations Thread 21" [_thread_blocked, id=23228, stack(0x0000001ce9500000,0x0000001ce9600000)]
  0x000001ec873cf800 JavaThread "Unconstrained build operations Thread 22" [_thread_blocked, id=21064, stack(0x0000001ce9600000,0x0000001ce9700000)]
  0x000001ec873cd000 JavaThread "Unconstrained build operations Thread 23" [_thread_blocked, id=14500, stack(0x0000001ce9a00000,0x0000001ce9b00000)]
  0x000001ec873d3800 JavaThread "Unconstrained build operations Thread 24" [_thread_blocked, id=16176, stack(0x0000001ce9c00000,0x0000001ce9d00000)]
  0x000001ec873d2000 JavaThread "Unconstrained build operations Thread 25" [_thread_blocked, id=22200, stack(0x0000001ce9d00000,0x0000001ce9e00000)]
  0x000001ec873d0800 JavaThread "Unconstrained build operations Thread 26" [_thread_blocked, id=5656, stack(0x0000001ce9e00000,0x0000001ce9f00000)]
  0x000001ec873ce000 JavaThread "Unconstrained build operations Thread 27" [_thread_blocked, id=14132, stack(0x0000001ce9f00000,0x0000001cea000000)]
  0x000001ec873d4800 JavaThread "Unconstrained build operations Thread 28" [_thread_blocked, id=5824, stack(0x0000001cea000000,0x0000001cea100000)]
  0x000001ec873cf000 JavaThread "Unconstrained build operations Thread 29" [_thread_blocked, id=21552, stack(0x0000001cea100000,0x0000001cea200000)]
  0x000001ec873d3000 JavaThread "Unconstrained build operations Thread 30" [_thread_blocked, id=2660, stack(0x0000001cea200000,0x0000001cea300000)]
  0x000001ec873d5800 JavaThread "Unconstrained build operations Thread 31" [_thread_blocked, id=19368, stack(0x0000001cea300000,0x0000001cea400000)]
  0x000001ec873d1800 JavaThread "Unconstrained build operations Thread 32" [_thread_blocked, id=22704, stack(0x0000001cea400000,0x0000001cea500000)]
  0x000001ec873dc000 JavaThread "Unconstrained build operations Thread 33" [_thread_blocked, id=12680, stack(0x0000001cea500000,0x0000001cea600000)]
  0x000001ec873d9800 JavaThread "Unconstrained build operations Thread 34" [_thread_blocked, id=13916, stack(0x0000001cea600000,0x0000001cea700000)]
  0x000001ec873da000 JavaThread "Unconstrained build operations Thread 35" [_thread_blocked, id=23192, stack(0x0000001cea700000,0x0000001cea800000)]
  0x000001ec873d8000 JavaThread "Unconstrained build operations Thread 36" [_thread_blocked, id=14512, stack(0x0000001cea800000,0x0000001cea900000)]
  0x000001ec873d6000 JavaThread "Unconstrained build operations Thread 37" [_thread_blocked, id=3056, stack(0x0000001cea900000,0x0000001ceaa00000)]
  0x000001ec873d7000 JavaThread "Unconstrained build operations Thread 38" [_thread_blocked, id=12828, stack(0x0000001ceaa00000,0x0000001ceab00000)]
  0x000001ec873db000 JavaThread "Unconstrained build operations Thread 39" [_thread_blocked, id=22032, stack(0x0000001ceab00000,0x0000001ceac00000)]
  0x000001ec8382e000 JavaThread "Unconstrained build operations Thread 40" [_thread_blocked, id=6456, stack(0x0000001ceac00000,0x0000001cead00000)]
  0x000001ec8382f000 JavaThread "Unconstrained build operations Thread 41" [_thread_blocked, id=23300, stack(0x0000001cead00000,0x0000001ceae00000)]
  0x000001ec8382f800 JavaThread "Unconstrained build operations Thread 42" [_thread_blocked, id=10932, stack(0x0000001ceae00000,0x0000001ceaf00000)]
  0x000001ec8382d800 JavaThread "Unconstrained build operations Thread 43" [_thread_blocked, id=7584, stack(0x0000001ceaf00000,0x0000001ceb000000)]
  0x000001ec83830800 JavaThread "Unconstrained build operations Thread 44" [_thread_blocked, id=9944, stack(0x0000001ceb000000,0x0000001ceb100000)]
  0x000001ec83831800 JavaThread "Unconstrained build operations Thread 45" [_thread_blocked, id=13440, stack(0x0000001ceb100000,0x0000001ceb200000)]
  0x000001ec8382b800 JavaThread "Unconstrained build operations Thread 46" [_thread_blocked, id=1616, stack(0x0000001ceb200000,0x0000001ceb300000)]
  0x000001ec83832000 JavaThread "Unconstrained build operations Thread 47" [_thread_blocked, id=21856, stack(0x0000001ceb300000,0x0000001ceb400000)]
  0x000001ec8382c800 JavaThread "Unconstrained build operations Thread 48" [_thread_blocked, id=21784, stack(0x0000001ceb400000,0x0000001ceb500000)]
  0x000001ec83838800 JavaThread "Unconstrained build operations Thread 49" [_thread_blocked, id=9504, stack(0x0000001ceb500000,0x0000001ceb600000)]
  0x000001ec83833000 JavaThread "Unconstrained build operations Thread 50" [_thread_blocked, id=21356, stack(0x0000001ceb600000,0x0000001ceb700000)]
  0x000001ec83839800 JavaThread "Unconstrained build operations Thread 51" [_thread_blocked, id=14964, stack(0x0000001ceb700000,0x0000001ceb800000)]
  0x000001ec83835800 JavaThread "Unconstrained build operations Thread 52" [_thread_blocked, id=6000, stack(0x0000001ceb800000,0x0000001ceb900000)]
  0x000001ec83838000 JavaThread "Unconstrained build operations Thread 53" [_thread_blocked, id=11084, stack(0x0000001ceb900000,0x0000001ceba00000)]
  0x000001ec83836800 JavaThread "Unconstrained build operations Thread 54" [_thread_blocked, id=17320, stack(0x0000001ceba00000,0x0000001cebb00000)]
  0x000001ec83834800 JavaThread "Unconstrained build operations Thread 55" [_thread_blocked, id=20328, stack(0x0000001cebb00000,0x0000001cebc00000)]
  0x000001ec83834000 JavaThread "Unconstrained build operations Thread 56" [_thread_blocked, id=5232, stack(0x0000001cebc00000,0x0000001cebd00000)]
  0x000001ec8383a800 JavaThread "Unconstrained build operations Thread 57" [_thread_blocked, id=9560, stack(0x0000001cebd00000,0x0000001cebe00000)]
  0x000001ec81416000 JavaThread "Unconstrained build operations Thread 58" [_thread_blocked, id=17868, stack(0x0000001cebe00000,0x0000001cebf00000)]
  0x000001ec81411000 JavaThread "Unconstrained build operations Thread 59" [_thread_blocked, id=21240, stack(0x0000001cebf00000,0x0000001cec000000)]
  0x000001ec81412000 JavaThread "Unconstrained build operations Thread 60" [_thread_blocked, id=5436, stack(0x0000001cec000000,0x0000001cec100000)]
  0x000001ec81418800 JavaThread "Unconstrained build operations Thread 61" [_thread_blocked, id=7556, stack(0x0000001cec100000,0x0000001cec200000)]
  0x000001ec81417000 JavaThread "Unconstrained build operations Thread 62" [_thread_blocked, id=19112, stack(0x0000001cec200000,0x0000001cec300000)]
  0x000001ec81414800 JavaThread "Unconstrained build operations Thread 63" [_thread_blocked, id=20092, stack(0x0000001cec300000,0x0000001cec400000)]
  0x000001ec81413000 JavaThread "Unconstrained build operations Thread 64" [_thread_blocked, id=19856, stack(0x0000001cec400000,0x0000001cec500000)]
  0x000001ec81413800 JavaThread "Unconstrained build operations Thread 65" [_thread_blocked, id=18752, stack(0x0000001cec500000,0x0000001cec600000)]
  0x000001ec8141d800 JavaThread "Unconstrained build operations Thread 66" [_thread_blocked, id=5296, stack(0x0000001cec600000,0x0000001cec700000)]
  0x000001ec81419800 JavaThread "Unconstrained build operations Thread 67" [_thread_blocked, id=15368, stack(0x0000001cec700000,0x0000001cec800000)]
  0x000001ec8141b000 JavaThread "Unconstrained build operations Thread 68" [_thread_blocked, id=13412, stack(0x0000001cec800000,0x0000001cec900000)]
  0x000001ec8141c000 JavaThread "Unconstrained build operations Thread 69" [_thread_blocked, id=4440, stack(0x0000001cec900000,0x0000001ceca00000)]
  0x000001ec81417800 JavaThread "Unconstrained build operations Thread 70" [_thread_blocked, id=4640, stack(0x0000001ceca00000,0x0000001cecb00000)]
  0x000001ec8141c800 JavaThread "Unconstrained build operations Thread 71" [_thread_blocked, id=19084, stack(0x0000001cecb00000,0x0000001cecc00000)]
  0x000001ec8141e800 JavaThread "Unconstrained build operations Thread 72" [_thread_blocked, id=22964, stack(0x0000001cecc00000,0x0000001cecd00000)]
  0x000001ec8141f000 JavaThread "Unconstrained build operations Thread 73" [_thread_blocked, id=10236, stack(0x0000001cecd00000,0x0000001cece00000)]
  0x000001ec81420000 JavaThread "Unconstrained build operations Thread 74" [_thread_blocked, id=4928, stack(0x0000001cece00000,0x0000001cecf00000)]
  0x000001ec84f6d800 JavaThread "Unconstrained build operations Thread 75" [_thread_blocked, id=4600, stack(0x0000001cecf00000,0x0000001ced000000)]
  0x000001ec84f6b000 JavaThread "Unconstrained build operations Thread 76" [_thread_blocked, id=10244, stack(0x0000001ced000000,0x0000001ced100000)]
  0x000001ec84f6c000 JavaThread "Unconstrained build operations Thread 77" [_thread_blocked, id=20692, stack(0x0000001ced100000,0x0000001ced200000)]
  0x000001ec84f6a800 JavaThread "Unconstrained build operations Thread 78" [_thread_blocked, id=19760, stack(0x0000001ced200000,0x0000001ced300000)]
  0x000001ec84f6e800 JavaThread "Unconstrained build operations Thread 79" [_thread_blocked, id=4476, stack(0x0000001ced300000,0x0000001ced400000)]
  0x000001ec84f68800 JavaThread "Unconstrained build operations Thread 80" [_thread_blocked, id=14348, stack(0x0000001ced400000,0x0000001ced500000)]
  0x000001ec84f6f000 JavaThread "included builds" [_thread_blocked, id=2708, stack(0x0000001ced700000,0x0000001ced800000)]
  0x000001ec84f69800 JavaThread "Execution worker" [_thread_blocked, id=12984, stack(0x0000001ced800000,0x0000001ced900000)]
  0x000001ec84f71000 JavaThread "Execution worker Thread 2" [_thread_blocked, id=14748, stack(0x0000001ced900000,0x0000001ceda00000)]
  0x000001ec84f70000 JavaThread "Execution worker Thread 3" [_thread_blocked, id=21844, stack(0x0000001ceda00000,0x0000001cedb00000)]
  0x000001ec84f76800 JavaThread "Execution worker Thread 4" [_thread_blocked, id=22912, stack(0x0000001cedb00000,0x0000001cedc00000)]
  0x000001ec84f77800 JavaThread "Execution worker Thread 5" [_thread_blocked, id=13868, stack(0x0000001cedc00000,0x0000001cedd00000)]
  0x000001ec84f72800 JavaThread "Execution worker Thread 6" [_thread_blocked, id=21624, stack(0x0000001cedd00000,0x0000001cede00000)]
  0x000001ec84f74000 JavaThread "Execution worker Thread 7" [_thread_blocked, id=15084, stack(0x0000001cede00000,0x0000001cedf00000)]
  0x000001ec84f71800 JavaThread "Cache worker for execution history cache (C:\gb_0900_ksh\springJPA_team_project\Simbongsa\.gradle\7.6.1\executionHistory)" [_thread_blocked, id=19904, stack(0x0000001cedf00000,0x0000001cee000000)]
  0x000001ec84f73800 JavaThread "Dispatch org.gradle.api.internal.tasks.testing.results.AttachParentTestResultProcessor@f009b39" [_thread_blocked, id=6560, stack(0x0000001cee000000,0x0000001cee100000)]
  0x000001ecfea8b000 JavaThread "Dispatch org.gradle.api.internal.tasks.testing.processors.RestartEveryNTestClassProcessor@2666cb61" [_thread_blocked, id=22688, stack(0x0000001cee100000,0x0000001cee200000)]
  0x000001ecfea8c000 JavaThread "Incoming local TCP Connector on port 53116" [_thread_blocked, id=12112, stack(0x0000001cee300000,0x0000001cee400000)]
  0x000001ecfea92800 JavaThread "/127.0.0.1:53116 to /127.0.0.1:53120 workers" [_thread_blocked, id=13584, stack(0x0000001ce7600000,0x0000001ce7700000)]
  0x000001ecfea8c800 JavaThread "/127.0.0.1:53116 to /127.0.0.1:53120 workers Thread 2" [_thread_blocked, id=8252, stack(0x0000001ce9300000,0x0000001ce9400000)]
  0x000001ecfea93800 JavaThread "/127.0.0.1:53116 to /127.0.0.1:53120 workers Thread 3" [_thread_blocked, id=6744, stack(0x0000001cee400000,0x0000001cee500000)]
  0x000001ecfea8d800 JavaThread "/127.0.0.1:53116 to /127.0.0.1:53120 workers Thread 4" [_thread_in_native, id=20380, stack(0x0000001cee500000,0x0000001cee600000)]

Other Threads:
  0x000001ecfd308800 VMThread "VM Thread" [stack: 0x0000001ce5300000,0x0000001ce5400000] [id=21328]
  0x000001ecfde4f800 WatcherThread [stack: 0x0000001ce5d00000,0x0000001ce5e00000] [id=4708]
  0x000001ece2bee000 GCTaskThread "GC Thread#0" [stack: 0x0000001ce4e00000,0x0000001ce4f00000] [id=22036]
  0x000001ecfeb9d800 GCTaskThread "GC Thread#1" [stack: 0x0000001ce5f00000,0x0000001ce6000000] [id=13520]
  0x000001ecfedfe000 GCTaskThread "GC Thread#2" [stack: 0x0000001ce6000000,0x0000001ce6100000] [id=23536]
  0x000001ecfe814800 GCTaskThread "GC Thread#3" [stack: 0x0000001ce6100000,0x0000001ce6200000] [id=1236]
  0x000001ecfeba2800 GCTaskThread "GC Thread#4" [stack: 0x0000001ce6200000,0x0000001ce6300000] [id=2424]
  0x000001ecfeba3000 GCTaskThread "GC Thread#5" [stack: 0x0000001ce6300000,0x0000001ce6400000] [id=2732]
  0x000001ec80331800 GCTaskThread "GC Thread#6" [stack: 0x0000001ce6f00000,0x0000001ce7000000] [id=16156]
  0x000001ec8082f000 GCTaskThread "GC Thread#7" [stack: 0x0000001ce7000000,0x0000001ce7100000] [id=17812]
  0x000001ece2bfd800 ConcurrentGCThread "G1 Main Marker" [stack: 0x0000001ce4f00000,0x0000001ce5000000] [id=21132]
  0x000001ece2c01000 ConcurrentGCThread "G1 Conc#0" [stack: 0x0000001ce5000000,0x0000001ce5100000] [id=8308]
  0x000001ec80798800 ConcurrentGCThread "G1 Conc#1" [stack: 0x0000001ce7300000,0x0000001ce7400000] [id=21932]
  0x000001ecfd19c800 ConcurrentGCThread "G1 Refine#0" [stack: 0x0000001ce5100000,0x0000001ce5200000] [id=22048]
  0x000001ec87431800 ConcurrentGCThread "G1 Refine#1" [stack: 0x0000001ceeb00000,0x0000001ceec00000] [id=20700]
  0x000001ec82fc7800 ConcurrentGCThread "G1 Refine#2" [stack: 0x0000001ceec00000,0x0000001ceed00000] [id=21212]
  0x000001ec84b2c800 ConcurrentGCThread "G1 Refine#3" [stack: 0x0000001ceed00000,0x0000001ceee00000] [id=12008]
  0x000001ec8370a800 ConcurrentGCThread "G1 Refine#4" [stack: 0x0000001ceee00000,0x0000001ceef00000] [id=32]
  0x000001ec8370b000 ConcurrentGCThread "G1 Refine#5" [stack: 0x0000001ceef00000,0x0000001cef000000] [id=15188]
  0x000001ecfd19e800 ConcurrentGCThread "G1 Young RemSet Sampling" [stack: 0x0000001ce5200000,0x0000001ce5300000] [id=22892]

Threads with active compile tasks:
C2 CompilerThread0  3311471 23103       4       org.codehaus.groovy.util.LazyReference::get (44 bytes)

VM state:not at safepoint (normal execution)

VM Mutex/Monitor currently owned by a thread: None

Heap address: 0x00000000e0000000, size: 512 MB, Compressed Oops mode: 32-bit
Narrow klass base: 0x0000000000000000, Narrow klass shift: 3
Compressed class space size: 260046848 Address: 0x0000000100000000

Heap:
 garbage-first heap   total 262144K, used 148911K [0x00000000e0000000, 0x0000000100000000)
  region size 1024K, 63 young (64512K), 9 survivors (9216K)
 Metaspace       used 92260K, capacity 95499K, committed 97408K, reserved 339968K
  class space    used 11381K, capacity 12668K, committed 12928K, reserved 253952K
Heap Regions: E=young(eden), S=young(survivor), O=old, HS=humongous(starts), HC=humongous(continues), CS=collection set, F=free, A=archive, TAMS=top-at-mark-start (previous, next)
|   0|0x00000000e0000000, 0x00000000e0100000, 0x00000000e0100000|100%|HS|  |TAMS 0x00000000e0100000, 0x00000000e0000000| Complete 
|   1|0x00000000e0100000, 0x00000000e0200000, 0x00000000e0200000|100%|HC|  |TAMS 0x00000000e0200000, 0x00000000e0100000| Complete 
|   2|0x00000000e0200000, 0x00000000e0300000, 0x00000000e0300000|100%|HC|  |TAMS 0x00000000e0300000, 0x00000000e0200000| Complete 
|   3|0x00000000e0300000, 0x00000000e0400000, 0x00000000e0400000|100%| O|  |TAMS 0x00000000e0400000, 0x00000000e0300000| Untracked 
|   4|0x00000000e0400000, 0x00000000e0500000, 0x00000000e0500000|100%| O|  |TAMS 0x00000000e0500000, 0x00000000e0400000| Untracked 
|   5|0x00000000e0500000, 0x00000000e0600000, 0x00000000e0600000|100%| O|  |TAMS 0x00000000e0600000, 0x00000000e0500000| Untracked 
|   6|0x00000000e0600000, 0x00000000e0700000, 0x00000000e0700000|100%| O|  |TAMS 0x00000000e0700000, 0x00000000e0600000| Untracked 
|   7|0x00000000e0700000, 0x00000000e0800000, 0x00000000e0800000|100%| O|  |TAMS 0x00000000e0800000, 0x00000000e0700000| Untracked 
|   8|0x00000000e0800000, 0x00000000e0900000, 0x00000000e0900000|100%| O|  |TAMS 0x00000000e0900000, 0x00000000e0800000| Complete 
|   9|0x00000000e0900000, 0x00000000e0a00000, 0x00000000e0a00000|100%| O|  |TAMS 0x00000000e0a00000, 0x00000000e0900000| Complete 
|  10|0x00000000e0a00000, 0x00000000e0b00000, 0x00000000e0b00000|100%| O|  |TAMS 0x00000000e0b00000, 0x00000000e0a00000| Untracked 
|  11|0x00000000e0b00000, 0x00000000e0c00000, 0x00000000e0c00000|100%| O|  |TAMS 0x00000000e0c00000, 0x00000000e0b00000| Untracked 
|  12|0x00000000e0c00000, 0x00000000e0d00000, 0x00000000e0d00000|100%| O|  |TAMS 0x00000000e0d00000, 0x00000000e0c00000| Untracked 
|  13|0x00000000e0d00000, 0x00000000e0e00000, 0x00000000e0e00000|100%| O|  |TAMS 0x00000000e0e00000, 0x00000000e0d00000| Untracked 
|  14|0x00000000e0e00000, 0x00000000e0f00000, 0x00000000e0f00000|100%| O|  |TAMS 0x00000000e0f00000, 0x00000000e0e00000| Untracked 
|  15|0x00000000e0f00000, 0x00000000e1000000, 0x00000000e1000000|100%| O|  |TAMS 0x00000000e1000000, 0x00000000e0f00000| Complete 
|  16|0x00000000e1000000, 0x00000000e1100000, 0x00000000e1100000|100%| O|  |TAMS 0x00000000e1100000, 0x00000000e1000000| Complete 
|  17|0x00000000e1100000, 0x00000000e1200000, 0x00000000e1200000|100%| O|  |TAMS 0x00000000e1200000, 0x00000000e1100000| Untracked 
|  18|0x00000000e1200000, 0x00000000e1300000, 0x00000000e1300000|100%| O|  |TAMS 0x00000000e1300000, 0x00000000e1200000| Untracked 
|  19|0x00000000e1300000, 0x00000000e1400000, 0x00000000e1400000|100%| O|  |TAMS 0x00000000e1400000, 0x00000000e1300000| Untracked 
|  20|0x00000000e1400000, 0x00000000e1500000, 0x00000000e1500000|100%| O|  |TAMS 0x00000000e1500000, 0x00000000e1400000| Complete 
|  21|0x00000000e1500000, 0x00000000e1600000, 0x00000000e1600000|100%| O|  |TAMS 0x00000000e1600000, 0x00000000e1500000| Complete 
|  22|0x00000000e1600000, 0x00000000e1700000, 0x00000000e1700000|100%| O|  |TAMS 0x00000000e1700000, 0x00000000e1600000| Complete 
|  23|0x00000000e1700000, 0x00000000e1800000, 0x00000000e1800000|100%| O|  |TAMS 0x00000000e1800000, 0x00000000e1700000| Untracked 
|  24|0x00000000e1800000, 0x00000000e1900000, 0x00000000e1900000|100%| O|  |TAMS 0x00000000e1900000, 0x00000000e1800000| Untracked 
|  25|0x00000000e1900000, 0x00000000e1900000, 0x00000000e1a00000|  0%| F|  |TAMS 0x00000000e1900000, 0x00000000e1900000| Untracked 
|  26|0x00000000e1a00000, 0x00000000e1b00000, 0x00000000e1b00000|100%| O|  |TAMS 0x00000000e1b00000, 0x00000000e1a00000| Complete 
|  27|0x00000000e1b00000, 0x00000000e1c00000, 0x00000000e1c00000|100%| O|  |TAMS 0x00000000e1c00000, 0x00000000e1b00000| Complete 
|  28|0x00000000e1c00000, 0x00000000e1d00000, 0x00000000e1d00000|100%| O|  |TAMS 0x00000000e1d00000, 0x00000000e1c00000| Complete 
|  29|0x00000000e1d00000, 0x00000000e1d00000, 0x00000000e1e00000|  0%| F|  |TAMS 0x00000000e1d00000, 0x00000000e1d00000| Untracked 
|  30|0x00000000e1e00000, 0x00000000e1f00000, 0x00000000e1f00000|100%| O|  |TAMS 0x00000000e1f00000, 0x00000000e1e00000| Complete 
|  31|0x00000000e1f00000, 0x00000000e2000000, 0x00000000e2000000|100%| O|  |TAMS 0x00000000e2000000, 0x00000000e1f00000| Untracked 
|  32|0x00000000e2000000, 0x00000000e2100000, 0x00000000e2100000|100%| O|  |TAMS 0x00000000e2100000, 0x00000000e2000000| Untracked 
|  33|0x00000000e2100000, 0x00000000e2200000, 0x00000000e2200000|100%| O|  |TAMS 0x00000000e2200000, 0x00000000e2100000| Complete 
|  34|0x00000000e2200000, 0x00000000e2300000, 0x00000000e2300000|100%| O|  |TAMS 0x00000000e2300000, 0x00000000e2200000| Untracked 
|  35|0x00000000e2300000, 0x00000000e2400000, 0x00000000e2400000|100%| O|  |TAMS 0x00000000e2400000, 0x00000000e2300000| Complete 
|  36|0x00000000e2400000, 0x00000000e2500000, 0x00000000e2500000|100%| O|  |TAMS 0x00000000e2500000, 0x00000000e2400000| Complete 
|  37|0x00000000e2500000, 0x00000000e2600000, 0x00000000e2600000|100%| O|  |TAMS 0x00000000e2600000, 0x00000000e2500000| Complete 
|  38|0x00000000e2600000, 0x00000000e2700000, 0x00000000e2700000|100%| O|  |TAMS 0x00000000e2700000, 0x00000000e2600000| Complete 
|  39|0x00000000e2700000, 0x00000000e2800000, 0x00000000e2800000|100%| O|  |TAMS 0x00000000e2800000, 0x00000000e2700000| Complete 
|  40|0x00000000e2800000, 0x00000000e2900000, 0x00000000e2900000|100%| O|  |TAMS 0x00000000e2900000, 0x00000000e2800000| Complete 
|  41|0x00000000e2900000, 0x00000000e2a00000, 0x00000000e2a00000|100%| O|  |TAMS 0x00000000e2a00000, 0x00000000e2900000| Complete 
|  42|0x00000000e2a00000, 0x00000000e2b00000, 0x00000000e2b00000|100%| O|  |TAMS 0x00000000e2b00000, 0x00000000e2a00000| Untracked 
|  43|0x00000000e2b00000, 0x00000000e2c00000, 0x00000000e2c00000|100%| O|  |TAMS 0x00000000e2c00000, 0x00000000e2b00000| Untracked 
|  44|0x00000000e2c00000, 0x00000000e2d00000, 0x00000000e2d00000|100%| O|  |TAMS 0x00000000e2d00000, 0x00000000e2c00000| Untracked 
|  45|0x00000000e2d00000, 0x00000000e2e00000, 0x00000000e2e00000|100%| O|  |TAMS 0x00000000e2e00000, 0x00000000e2d00000| Untracked 
|  46|0x00000000e2e00000, 0x00000000e2f00000, 0x00000000e2f00000|100%| O|  |TAMS 0x00000000e2f00000, 0x00000000e2e00000| Complete 
|  47|0x00000000e2f00000, 0x00000000e3000000, 0x00000000e3000000|100%| O|  |TAMS 0x00000000e3000000, 0x00000000e2f00000| Untracked 
|  48|0x00000000e3000000, 0x00000000e3100000, 0x00000000e3100000|100%| O|  |TAMS 0x00000000e3100000, 0x00000000e3000000| Untracked 
|  49|0x00000000e3100000, 0x00000000e3200000, 0x00000000e3200000|100%| O|  |TAMS 0x00000000e3200000, 0x00000000e3100000| Complete 
|  50|0x00000000e3200000, 0x00000000e3200000, 0x00000000e3300000|  0%| F|  |TAMS 0x00000000e3200000, 0x00000000e3200000| Untracked 
|  51|0x00000000e3300000, 0x00000000e3400000, 0x00000000e3400000|100%| O|  |TAMS 0x00000000e3400000, 0x00000000e3300000| Complete 
|  52|0x00000000e3400000, 0x00000000e3500000, 0x00000000e3500000|100%| O|  |TAMS 0x00000000e3500000, 0x00000000e3400000| Complete 
|  53|0x00000000e3500000, 0x00000000e3600000, 0x00000000e3600000|100%| O|  |TAMS 0x00000000e3600000, 0x00000000e3500000| Untracked 
|  54|0x00000000e3600000, 0x00000000e3700000, 0x00000000e3700000|100%| O|  |TAMS 0x00000000e3700000, 0x00000000e3600000| Untracked 
|  55|0x00000000e3700000, 0x00000000e3800000, 0x00000000e3800000|100%| O|  |TAMS 0x00000000e3800000, 0x00000000e3700000| Complete 
|  56|0x00000000e3800000, 0x00000000e3900000, 0x00000000e3900000|100%| O|  |TAMS 0x00000000e3900000, 0x00000000e3800000| Untracked 
|  57|0x00000000e3900000, 0x00000000e3a00000, 0x00000000e3a00000|100%| O|  |TAMS 0x00000000e3a00000, 0x00000000e3900000| Complete 
|  58|0x00000000e3a00000, 0x00000000e3b00000, 0x00000000e3b00000|100%| O|  |TAMS 0x00000000e3b00000, 0x00000000e3a00000| Untracked 
|  59|0x00000000e3b00000, 0x00000000e3c00000, 0x00000000e3c00000|100%| O|  |TAMS 0x00000000e3c00000, 0x00000000e3b00000| Complete 
|  60|0x00000000e3c00000, 0x00000000e3d00000, 0x00000000e3d00000|100%| O|  |TAMS 0x00000000e3d00000, 0x00000000e3c00000| Complete 
|  61|0x00000000e3d00000, 0x00000000e3e00000, 0x00000000e3e00000|100%| O|  |TAMS 0x00000000e3e00000, 0x00000000e3d00000| Complete 
|  62|0x00000000e3e00000, 0x00000000e3f00000, 0x00000000e3f00000|100%| O|  |TAMS 0x00000000e3f00000, 0x00000000e3e00000| Complete 
|  63|0x00000000e3f00000, 0x00000000e4000000, 0x00000000e4000000|100%| O|  |TAMS 0x00000000e4000000, 0x00000000e3f00000| Complete 
|  64|0x00000000e4000000, 0x00000000e4000000, 0x00000000e4100000|  0%| F|  |TAMS 0x00000000e4000000, 0x00000000e4000000| Untracked 
|  65|0x00000000e4100000, 0x00000000e4200000, 0x00000000e4200000|100%| O|  |TAMS 0x00000000e4200000, 0x00000000e4100000| Untracked 
|  66|0x00000000e4200000, 0x00000000e4300000, 0x00000000e4300000|100%| O|  |TAMS 0x00000000e4300000, 0x00000000e4200000| Untracked 
|  67|0x00000000e4300000, 0x00000000e4400000, 0x00000000e4400000|100%| O|  |TAMS 0x00000000e4400000, 0x00000000e4300000| Complete 
|  68|0x00000000e4400000, 0x00000000e4500000, 0x00000000e4500000|100%| O|  |TAMS 0x00000000e4500000, 0x00000000e4400000| Complete 
|  69|0x00000000e4500000, 0x00000000e4500000, 0x00000000e4600000|  0%| F|  |TAMS 0x00000000e4500000, 0x00000000e4500000| Untracked 
|  70|0x00000000e4600000, 0x00000000e4700000, 0x00000000e4700000|100%| O|  |TAMS 0x00000000e4700000, 0x00000000e4600000| Complete 
|  71|0x00000000e4700000, 0x00000000e4800000, 0x00000000e4800000|100%| O|  |TAMS 0x00000000e4800000, 0x00000000e4700000| Untracked 
|  72|0x00000000e4800000, 0x00000000e4800000, 0x00000000e4900000|  0%| F|  |TAMS 0x00000000e4800000, 0x00000000e4800000| Untracked 
|  73|0x00000000e4900000, 0x00000000e4900000, 0x00000000e4a00000|  0%| F|  |TAMS 0x00000000e4900000, 0x00000000e4900000| Untracked 
|  74|0x00000000e4a00000, 0x00000000e4a00000, 0x00000000e4b00000|  0%| F|  |TAMS 0x00000000e4a00000, 0x00000000e4a00000| Untracked 
|  75|0x00000000e4b00000, 0x00000000e4b00000, 0x00000000e4c00000|  0%| F|  |TAMS 0x00000000e4b00000, 0x00000000e4b00000| Untracked 
|  76|0x00000000e4c00000, 0x00000000e4d00000, 0x00000000e4d00000|100%| O|  |TAMS 0x00000000e4d00000, 0x00000000e4c00000| Complete 
|  77|0x00000000e4d00000, 0x00000000e4e00000, 0x00000000e4e00000|100%| O|  |TAMS 0x00000000e4e00000, 0x00000000e4d00000| Untracked 
|  78|0x00000000e4e00000, 0x00000000e4e00000, 0x00000000e4f00000|  0%| F|  |TAMS 0x00000000e4e00000, 0x00000000e4e00000| Untracked 
|  79|0x00000000e4f00000, 0x00000000e4f00000, 0x00000000e5000000|  0%| F|  |TAMS 0x00000000e4f00000, 0x00000000e4f00000| Untracked 
|  80|0x00000000e5000000, 0x00000000e5000000, 0x00000000e5100000|  0%| F|  |TAMS 0x00000000e5000000, 0x00000000e5000000| Untracked 
|  81|0x00000000e5100000, 0x00000000e5100000, 0x00000000e5200000|  0%| F|  |TAMS 0x00000000e5100000, 0x00000000e5100000| Untracked 
|  82|0x00000000e5200000, 0x00000000e5200000, 0x00000000e5300000|  0%| F|  |TAMS 0x00000000e5200000, 0x00000000e5200000| Untracked 
|  83|0x00000000e5300000, 0x00000000e5300000, 0x00000000e5400000|  0%| F|  |TAMS 0x00000000e5300000, 0x00000000e5300000| Untracked 
|  84|0x00000000e5400000, 0x00000000e5400000, 0x00000000e5500000|  0%| F|  |TAMS 0x00000000e5400000, 0x00000000e5400000| Untracked 
|  85|0x00000000e5500000, 0x00000000e5600000, 0x00000000e5600000|100%| O|  |TAMS 0x00000000e5600000, 0x00000000e5500000| Complete 
|  86|0x00000000e5600000, 0x00000000e5600000, 0x00000000e5700000|  0%| F|  |TAMS 0x00000000e5600000, 0x00000000e5600000| Untracked 
|  87|0x00000000e5700000, 0x00000000e5800000, 0x00000000e5800000|100%| O|  |TAMS 0x00000000e5800000, 0x00000000e5700000| Complete 
|  88|0x00000000e5800000, 0x00000000e5900000, 0x00000000e5900000|100%| O|  |TAMS 0x00000000e5900000, 0x00000000e5800000| Complete 
|  89|0x00000000e5900000, 0x00000000e5900000, 0x00000000e5a00000|  0%| F|  |TAMS 0x00000000e5900000, 0x00000000e5900000| Untracked 
|  90|0x00000000e5a00000, 0x00000000e5a00000, 0x00000000e5b00000|  0%| F|  |TAMS 0x00000000e5a00000, 0x00000000e5a00000| Untracked 
|  91|0x00000000e5b00000, 0x00000000e5c00000, 0x00000000e5c00000|100%| O|  |TAMS 0x00000000e5c00000, 0x00000000e5b00000| Complete 
|  92|0x00000000e5c00000, 0x00000000e5c00000, 0x00000000e5d00000|  0%| F|  |TAMS 0x00000000e5c00000, 0x00000000e5c00000| Untracked 
|  93|0x00000000e5d00000, 0x00000000e5d00000, 0x00000000e5e00000|  0%| F|  |TAMS 0x00000000e5d00000, 0x00000000e5d00000| Untracked 
|  94|0x00000000e5e00000, 0x00000000e5f00000, 0x00000000e5f00000|100%| O|  |TAMS 0x00000000e5f00000, 0x00000000e5e00000| Complete 
|  95|0x00000000e5f00000, 0x00000000e6000000, 0x00000000e6000000|100%| O|  |TAMS 0x00000000e6000000, 0x00000000e5f00000| Untracked 
|  96|0x00000000e6000000, 0x00000000e6100000, 0x00000000e6100000|100%| O|  |TAMS 0x00000000e6100000, 0x00000000e6000000| Complete 
|  97|0x00000000e6100000, 0x00000000e6200000, 0x00000000e6200000|100%| O|  |TAMS 0x00000000e6200000, 0x00000000e6100000| Complete 
|  98|0x00000000e6200000, 0x00000000e6300000, 0x00000000e6300000|100%| O|  |TAMS 0x00000000e6300000, 0x00000000e6200000| Complete 
|  99|0x00000000e6300000, 0x00000000e6300000, 0x00000000e6400000|  0%| F|  |TAMS 0x00000000e6300000, 0x00000000e6300000| Untracked 
| 100|0x00000000e6400000, 0x00000000e6400000, 0x00000000e6500000|  0%| F|  |TAMS 0x00000000e6400000, 0x00000000e6400000| Untracked 
| 101|0x00000000e6500000, 0x00000000e6500000, 0x00000000e6600000|  0%| F|  |TAMS 0x00000000e6500000, 0x00000000e6500000| Untracked 
| 102|0x00000000e6600000, 0x00000000e6600000, 0x00000000e6700000|  0%| F|  |TAMS 0x00000000e6600000, 0x00000000e6600000| Untracked 
| 103|0x00000000e6700000, 0x00000000e6800000, 0x00000000e6800000|100%| O|  |TAMS 0x00000000e6800000, 0x00000000e6700000| Complete 
| 104|0x00000000e6800000, 0x00000000e6900000, 0x00000000e6900000|100%| O|  |TAMS 0x00000000e6900000, 0x00000000e6800000| Complete 
| 105|0x00000000e6900000, 0x00000000e6a00000, 0x00000000e6a00000|100%| O|  |TAMS 0x00000000e6a00000, 0x00000000e6900000| Untracked 
| 106|0x00000000e6a00000, 0x00000000e6a00000, 0x00000000e6b00000|  0%| F|  |TAMS 0x00000000e6a00000, 0x00000000e6a00000| Untracked 
| 107|0x00000000e6b00000, 0x00000000e6b00000, 0x00000000e6c00000|  0%| F|  |TAMS 0x00000000e6b00000, 0x00000000e6b00000| Untracked 
| 108|0x00000000e6c00000, 0x00000000e6d00000, 0x00000000e6d00000|100%| O|  |TAMS 0x00000000e6d00000, 0x00000000e6c00000| Complete 
| 109|0x00000000e6d00000, 0x00000000e6d00000, 0x00000000e6e00000|  0%| F|  |TAMS 0x00000000e6d00000, 0x00000000e6d00000| Untracked 
| 110|0x00000000e6e00000, 0x00000000e6e00000, 0x00000000e6f00000|  0%| F|  |TAMS 0x00000000e6e00000, 0x00000000e6e00000| Untracked 
| 111|0x00000000e6f00000, 0x00000000e6f00000, 0x00000000e7000000|  0%| F|  |TAMS 0x00000000e6f00000, 0x00000000e6f00000| Untracked 
| 112|0x00000000e7000000, 0x00000000e7100000, 0x00000000e7100000|100%| O|  |TAMS 0x00000000e7100000, 0x00000000e7000000| Complete 
| 113|0x00000000e7100000, 0x00000000e7200000, 0x00000000e7200000|100%| O|  |TAMS 0x00000000e7200000, 0x00000000e7100000| Untracked 
| 114|0x00000000e7200000, 0x00000000e7300000, 0x00000000e7300000|100%| O|  |TAMS 0x00000000e7300000, 0x00000000e7200000| Complete 
| 115|0x00000000e7300000, 0x00000000e7300000, 0x00000000e7400000|  0%| F|  |TAMS 0x00000000e7300000, 0x00000000e7300000| Untracked 
| 116|0x00000000e7400000, 0x00000000e7400000, 0x00000000e7500000|  0%| F|  |TAMS 0x00000000e7400000, 0x00000000e7400000| Untracked 
| 117|0x00000000e7500000, 0x00000000e7500000, 0x00000000e7600000|  0%| F|  |TAMS 0x00000000e7500000, 0x00000000e7500000| Untracked 
| 118|0x00000000e7600000, 0x00000000e7600000, 0x00000000e7700000|  0%| F|  |TAMS 0x00000000e7600000, 0x00000000e7600000| Untracked 
| 119|0x00000000e7700000, 0x00000000e7700000, 0x00000000e7800000|  0%| F|  |TAMS 0x00000000e7700000, 0x00000000e7700000| Untracked 
| 120|0x00000000e7800000, 0x00000000e7800000, 0x00000000e7900000|  0%| F|  |TAMS 0x00000000e7800000, 0x00000000e7800000| Untracked 
| 121|0x00000000e7900000, 0x00000000e7900000, 0x00000000e7a00000|  0%| F|  |TAMS 0x00000000e7900000, 0x00000000e7900000| Untracked 
| 122|0x00000000e7a00000, 0x00000000e7a00000, 0x00000000e7b00000|  0%| F|  |TAMS 0x00000000e7a00000, 0x00000000e7a00000| Untracked 
| 123|0x00000000e7b00000, 0x00000000e7b00000, 0x00000000e7c00000|  0%| F|  |TAMS 0x00000000e7b00000, 0x00000000e7b00000| Untracked 
| 124|0x00000000e7c00000, 0x00000000e7c00000, 0x00000000e7d00000|  0%| F|  |TAMS 0x00000000e7c00000, 0x00000000e7c00000| Untracked 
| 125|0x00000000e7d00000, 0x00000000e7d00000, 0x00000000e7e00000|  0%| F|  |TAMS 0x00000000e7d00000, 0x00000000e7d00000| Untracked 
| 126|0x00000000e7e00000, 0x00000000e7e00000, 0x00000000e7f00000|  0%| F|  |TAMS 0x00000000e7e00000, 0x00000000e7e00000| Untracked 
| 127|0x00000000e7f00000, 0x00000000e7f00000, 0x00000000e8000000|  0%| F|  |TAMS 0x00000000e7f00000, 0x00000000e7f00000| Untracked 
| 128|0x00000000e8000000, 0x00000000e8000000, 0x00000000e8100000|  0%| F|  |TAMS 0x00000000e8000000, 0x00000000e8000000| Untracked 
| 129|0x00000000e8100000, 0x00000000e8100000, 0x00000000e8200000|  0%| F|  |TAMS 0x00000000e8100000, 0x00000000e8100000| Untracked 
| 130|0x00000000e8200000, 0x00000000e8200000, 0x00000000e8300000|  0%| F|  |TAMS 0x00000000e8200000, 0x00000000e8200000| Untracked 
| 131|0x00000000e8300000, 0x00000000e8300000, 0x00000000e8400000|  0%| F|  |TAMS 0x00000000e8300000, 0x00000000e8300000| Untracked 
| 132|0x00000000e8400000, 0x00000000e8400000, 0x00000000e8500000|  0%| F|  |TAMS 0x00000000e8400000, 0x00000000e8400000| Untracked 
| 133|0x00000000e8500000, 0x00000000e8500000, 0x00000000e8600000|  0%| F|  |TAMS 0x00000000e8500000, 0x00000000e8500000| Untracked 
| 134|0x00000000e8600000, 0x00000000e8600000, 0x00000000e8700000|  0%| F|  |TAMS 0x00000000e8600000, 0x00000000e8600000| Untracked 
| 135|0x00000000e8700000, 0x00000000e8700000, 0x00000000e8800000|  0%| F|  |TAMS 0x00000000e8700000, 0x00000000e8700000| Untracked 
| 136|0x00000000e8800000, 0x00000000e8800000, 0x00000000e8900000|  0%| F|  |TAMS 0x00000000e8800000, 0x00000000e8800000| Untracked 
| 137|0x00000000e8900000, 0x00000000e8900000, 0x00000000e8a00000|  0%| F|  |TAMS 0x00000000e8900000, 0x00000000e8900000| Untracked 
| 138|0x00000000e8a00000, 0x00000000e8a6bca0, 0x00000000e8b00000| 42%| S|CS|TAMS 0x00000000e8a00000, 0x00000000e8a00000| Complete 
| 139|0x00000000e8b00000, 0x00000000e8c00000, 0x00000000e8c00000|100%| S|CS|TAMS 0x00000000e8b00000, 0x00000000e8b00000| Complete 
| 140|0x00000000e8c00000, 0x00000000e8d00000, 0x00000000e8d00000|100%| S|CS|TAMS 0x00000000e8c00000, 0x00000000e8c00000| Complete 
| 141|0x00000000e8d00000, 0x00000000e8e00000, 0x00000000e8e00000|100%| S|CS|TAMS 0x00000000e8d00000, 0x00000000e8d00000| Complete 
| 142|0x00000000e8e00000, 0x00000000e8f00000, 0x00000000e8f00000|100%| S|CS|TAMS 0x00000000e8e00000, 0x00000000e8e00000| Complete 
| 143|0x00000000e8f00000, 0x00000000e9000000, 0x00000000e9000000|100%| S|CS|TAMS 0x00000000e8f00000, 0x00000000e8f00000| Complete 
| 144|0x00000000e9000000, 0x00000000e9100000, 0x00000000e9100000|100%| S|CS|TAMS 0x00000000e9000000, 0x00000000e9000000| Complete 
| 145|0x00000000e9100000, 0x00000000e9200000, 0x00000000e9200000|100%| S|CS|TAMS 0x00000000e9100000, 0x00000000e9100000| Complete 
| 146|0x00000000e9200000, 0x00000000e9300000, 0x00000000e9300000|100%| S|CS|TAMS 0x00000000e9200000, 0x00000000e9200000| Complete 
| 147|0x00000000e9300000, 0x00000000e9300000, 0x00000000e9400000|  0%| F|  |TAMS 0x00000000e9300000, 0x00000000e9300000| Untracked 
| 148|0x00000000e9400000, 0x00000000e9400000, 0x00000000e9500000|  0%| F|  |TAMS 0x00000000e9400000, 0x00000000e9400000| Untracked 
| 149|0x00000000e9500000, 0x00000000e9500000, 0x00000000e9600000|  0%| F|  |TAMS 0x00000000e9500000, 0x00000000e9500000| Untracked 
| 150|0x00000000e9600000, 0x00000000e9600000, 0x00000000e9700000|  0%| F|  |TAMS 0x00000000e9600000, 0x00000000e9600000| Untracked 
| 151|0x00000000e9700000, 0x00000000e9700000, 0x00000000e9800000|  0%| F|  |TAMS 0x00000000e9700000, 0x00000000e9700000| Untracked 
| 152|0x00000000e9800000, 0x00000000e9800000, 0x00000000e9900000|  0%| F|  |TAMS 0x00000000e9800000, 0x00000000e9800000| Untracked 
| 153|0x00000000e9900000, 0x00000000e9900000, 0x00000000e9a00000|  0%| F|  |TAMS 0x00000000e9900000, 0x00000000e9900000| Untracked 
| 154|0x00000000e9a00000, 0x00000000e9a00000, 0x00000000e9b00000|  0%| F|  |TAMS 0x00000000e9a00000, 0x00000000e9a00000| Untracked 
| 155|0x00000000e9b00000, 0x00000000e9b00000, 0x00000000e9c00000|  0%| F|  |TAMS 0x00000000e9b00000, 0x00000000e9b00000| Untracked 
| 156|0x00000000e9c00000, 0x00000000e9c00000, 0x00000000e9d00000|  0%| F|  |TAMS 0x00000000e9c00000, 0x00000000e9c00000| Untracked 
| 157|0x00000000e9d00000, 0x00000000e9d00000, 0x00000000e9e00000|  0%| F|  |TAMS 0x00000000e9d00000, 0x00000000e9d00000| Untracked 
| 158|0x00000000e9e00000, 0x00000000e9e00000, 0x00000000e9f00000|  0%| F|  |TAMS 0x00000000e9e00000, 0x00000000e9e00000| Untracked 
| 159|0x00000000e9f00000, 0x00000000e9f00000, 0x00000000ea000000|  0%| F|  |TAMS 0x00000000e9f00000, 0x00000000e9f00000| Untracked 
| 160|0x00000000ea000000, 0x00000000ea000000, 0x00000000ea100000|  0%| F|  |TAMS 0x00000000ea000000, 0x00000000ea000000| Untracked 
| 161|0x00000000ea100000, 0x00000000ea100000, 0x00000000ea200000|  0%| F|  |TAMS 0x00000000ea100000, 0x00000000ea100000| Untracked 
| 162|0x00000000ea200000, 0x00000000ea200000, 0x00000000ea300000|  0%| F|  |TAMS 0x00000000ea200000, 0x00000000ea200000| Untracked 
| 163|0x00000000ea300000, 0x00000000ea300000, 0x00000000ea400000|  0%| F|  |TAMS 0x00000000ea300000, 0x00000000ea300000| Untracked 
| 164|0x00000000ea400000, 0x00000000ea400000, 0x00000000ea500000|  0%| F|  |TAMS 0x00000000ea400000, 0x00000000ea400000| Untracked 
| 165|0x00000000ea500000, 0x00000000ea500000, 0x00000000ea600000|  0%| F|  |TAMS 0x00000000ea500000, 0x00000000ea500000| Untracked 
| 166|0x00000000ea600000, 0x00000000ea600000, 0x00000000ea700000|  0%| F|  |TAMS 0x00000000ea600000, 0x00000000ea600000| Untracked 
| 167|0x00000000ea700000, 0x00000000ea700000, 0x00000000ea800000|  0%| F|  |TAMS 0x00000000ea700000, 0x00000000ea700000| Untracked 
| 168|0x00000000ea800000, 0x00000000ea800000, 0x00000000ea900000|  0%| F|  |TAMS 0x00000000ea800000, 0x00000000ea800000| Untracked 
| 169|0x00000000ea900000, 0x00000000ea900000, 0x00000000eaa00000|  0%| F|  |TAMS 0x00000000ea900000, 0x00000000ea900000| Untracked 
| 170|0x00000000eaa00000, 0x00000000eaa00000, 0x00000000eab00000|  0%| F|  |TAMS 0x00000000eaa00000, 0x00000000eaa00000| Untracked 
| 171|0x00000000eab00000, 0x00000000eab00000, 0x00000000eac00000|  0%| F|  |TAMS 0x00000000eab00000, 0x00000000eab00000| Untracked 
| 172|0x00000000eac00000, 0x00000000eac00000, 0x00000000ead00000|  0%| F|  |TAMS 0x00000000eac00000, 0x00000000eac00000| Untracked 
| 173|0x00000000ead00000, 0x00000000ead00000, 0x00000000eae00000|  0%| F|  |TAMS 0x00000000ead00000, 0x00000000ead00000| Untracked 
| 174|0x00000000eae00000, 0x00000000eae00000, 0x00000000eaf00000|  0%| F|  |TAMS 0x00000000eae00000, 0x00000000eae00000| Untracked 
| 175|0x00000000eaf00000, 0x00000000eaf00000, 0x00000000eb000000|  0%| F|  |TAMS 0x00000000eaf00000, 0x00000000eaf00000| Untracked 
| 176|0x00000000eb000000, 0x00000000eb000000, 0x00000000eb100000|  0%| F|  |TAMS 0x00000000eb000000, 0x00000000eb000000| Untracked 
| 177|0x00000000eb100000, 0x00000000eb100000, 0x00000000eb200000|  0%| F|  |TAMS 0x00000000eb100000, 0x00000000eb100000| Untracked 
| 178|0x00000000eb200000, 0x00000000eb200000, 0x00000000eb300000|  0%| F|  |TAMS 0x00000000eb200000, 0x00000000eb200000| Untracked 
| 179|0x00000000eb300000, 0x00000000eb300000, 0x00000000eb400000|  0%| F|  |TAMS 0x00000000eb300000, 0x00000000eb300000| Untracked 
| 180|0x00000000eb400000, 0x00000000eb400000, 0x00000000eb500000|  0%| F|  |TAMS 0x00000000eb400000, 0x00000000eb400000| Untracked 
| 181|0x00000000eb500000, 0x00000000eb500000, 0x00000000eb600000|  0%| F|  |TAMS 0x00000000eb500000, 0x00000000eb500000| Untracked 
| 182|0x00000000eb600000, 0x00000000eb600000, 0x00000000eb700000|  0%| F|  |TAMS 0x00000000eb600000, 0x00000000eb600000| Untracked 
| 183|0x00000000eb700000, 0x00000000eb700000, 0x00000000eb800000|  0%| F|  |TAMS 0x00000000eb700000, 0x00000000eb700000| Untracked 
| 184|0x00000000eb800000, 0x00000000eb800000, 0x00000000eb900000|  0%| F|  |TAMS 0x00000000eb800000, 0x00000000eb800000| Untracked 
| 185|0x00000000eb900000, 0x00000000eb900000, 0x00000000eba00000|  0%| F|  |TAMS 0x00000000eb900000, 0x00000000eb900000| Untracked 
| 186|0x00000000eba00000, 0x00000000eba00000, 0x00000000ebb00000|  0%| F|  |TAMS 0x00000000eba00000, 0x00000000eba00000| Untracked 
| 187|0x00000000ebb00000, 0x00000000ebb00000, 0x00000000ebc00000|  0%| F|  |TAMS 0x00000000ebb00000, 0x00000000ebb00000| Untracked 
| 188|0x00000000ebc00000, 0x00000000ebc00000, 0x00000000ebd00000|  0%| F|  |TAMS 0x00000000ebc00000, 0x00000000ebc00000| Untracked 
| 189|0x00000000ebd00000, 0x00000000ebd00000, 0x00000000ebe00000|  0%| F|  |TAMS 0x00000000ebd00000, 0x00000000ebd00000| Untracked 
| 190|0x00000000ebe00000, 0x00000000ebe00000, 0x00000000ebf00000|  0%| F|  |TAMS 0x00000000ebe00000, 0x00000000ebe00000| Untracked 
| 191|0x00000000ebf00000, 0x00000000ebf00000, 0x00000000ec000000|  0%| F|  |TAMS 0x00000000ebf00000, 0x00000000ebf00000| Untracked 
| 192|0x00000000ec000000, 0x00000000ec000000, 0x00000000ec100000|  0%| F|  |TAMS 0x00000000ec000000, 0x00000000ec000000| Untracked 
| 193|0x00000000ec100000, 0x00000000ec100000, 0x00000000ec200000|  0%| F|  |TAMS 0x00000000ec100000, 0x00000000ec100000| Untracked 
| 194|0x00000000ec200000, 0x00000000ec200000, 0x00000000ec300000|  0%| F|  |TAMS 0x00000000ec200000, 0x00000000ec200000| Untracked 
| 195|0x00000000ec300000, 0x00000000ec300000, 0x00000000ec400000|  0%| F|  |TAMS 0x00000000ec300000, 0x00000000ec300000| Untracked 
| 196|0x00000000ec400000, 0x00000000ec400000, 0x00000000ec500000|  0%| F|  |TAMS 0x00000000ec400000, 0x00000000ec400000| Untracked 
| 197|0x00000000ec500000, 0x00000000ec500000, 0x00000000ec600000|  0%| F|  |TAMS 0x00000000ec500000, 0x00000000ec500000| Untracked 
| 198|0x00000000ec600000, 0x00000000ec600000, 0x00000000ec700000|  0%| F|  |TAMS 0x00000000ec600000, 0x00000000ec600000| Untracked 
| 199|0x00000000ec700000, 0x00000000ec700000, 0x00000000ec800000|  0%| F|  |TAMS 0x00000000ec700000, 0x00000000ec700000| Untracked 
| 200|0x00000000ec800000, 0x00000000ec800000, 0x00000000ec900000|  0%| F|  |TAMS 0x00000000ec800000, 0x00000000ec800000| Untracked 
| 201|0x00000000ec900000, 0x00000000ec900000, 0x00000000eca00000|  0%| F|  |TAMS 0x00000000ec900000, 0x00000000ec900000| Untracked 
| 202|0x00000000eca00000, 0x00000000ecaf4e20, 0x00000000ecb00000| 95%| E|  |TAMS 0x00000000eca00000, 0x00000000eca00000| Complete 
| 203|0x00000000ecb00000, 0x00000000ecc00000, 0x00000000ecc00000|100%| E|CS|TAMS 0x00000000ecb00000, 0x00000000ecb00000| Complete 
| 204|0x00000000ecc00000, 0x00000000ecd00000, 0x00000000ecd00000|100%| E|CS|TAMS 0x00000000ecc00000, 0x00000000ecc00000| Complete 
| 205|0x00000000ecd00000, 0x00000000ece00000, 0x00000000ece00000|100%| E|CS|TAMS 0x00000000ecd00000, 0x00000000ecd00000| Complete 
| 206|0x00000000ece00000, 0x00000000ecf00000, 0x00000000ecf00000|100%| E|CS|TAMS 0x00000000ece00000, 0x00000000ece00000| Complete 
| 207|0x00000000ecf00000, 0x00000000ed000000, 0x00000000ed000000|100%| E|CS|TAMS 0x00000000ecf00000, 0x00000000ecf00000| Complete 
| 208|0x00000000ed000000, 0x00000000ed100000, 0x00000000ed100000|100%| E|CS|TAMS 0x00000000ed000000, 0x00000000ed000000| Complete 
| 209|0x00000000ed100000, 0x00000000ed200000, 0x00000000ed200000|100%| E|CS|TAMS 0x00000000ed100000, 0x00000000ed100000| Complete 
| 210|0x00000000ed200000, 0x00000000ed300000, 0x00000000ed300000|100%| E|CS|TAMS 0x00000000ed200000, 0x00000000ed200000| Complete 
| 211|0x00000000ed300000, 0x00000000ed400000, 0x00000000ed400000|100%| E|CS|TAMS 0x00000000ed300000, 0x00000000ed300000| Complete 
| 212|0x00000000ed400000, 0x00000000ed500000, 0x00000000ed500000|100%| E|CS|TAMS 0x00000000ed400000, 0x00000000ed400000| Complete 
| 213|0x00000000ed500000, 0x00000000ed600000, 0x00000000ed600000|100%| E|CS|TAMS 0x00000000ed500000, 0x00000000ed500000| Complete 
| 214|0x00000000ed600000, 0x00000000ed700000, 0x00000000ed700000|100%| E|CS|TAMS 0x00000000ed600000, 0x00000000ed600000| Complete 
| 215|0x00000000ed700000, 0x00000000ed800000, 0x00000000ed800000|100%| E|CS|TAMS 0x00000000ed700000, 0x00000000ed700000| Complete 
| 216|0x00000000ed800000, 0x00000000ed900000, 0x00000000ed900000|100%| E|CS|TAMS 0x00000000ed800000, 0x00000000ed800000| Complete 
| 217|0x00000000ed900000, 0x00000000eda00000, 0x00000000eda00000|100%| E|CS|TAMS 0x00000000ed900000, 0x00000000ed900000| Complete 
| 218|0x00000000eda00000, 0x00000000edb00000, 0x00000000edb00000|100%| E|CS|TAMS 0x00000000eda00000, 0x00000000eda00000| Complete 
| 219|0x00000000edb00000, 0x00000000edc00000, 0x00000000edc00000|100%| E|CS|TAMS 0x00000000edb00000, 0x00000000edb00000| Complete 
| 220|0x00000000edc00000, 0x00000000edd00000, 0x00000000edd00000|100%| E|CS|TAMS 0x00000000edc00000, 0x00000000edc00000| Complete 
| 221|0x00000000edd00000, 0x00000000ede00000, 0x00000000ede00000|100%| E|CS|TAMS 0x00000000edd00000, 0x00000000edd00000| Complete 
| 222|0x00000000ede00000, 0x00000000edf00000, 0x00000000edf00000|100%| E|CS|TAMS 0x00000000ede00000, 0x00000000ede00000| Complete 
| 223|0x00000000edf00000, 0x00000000ee000000, 0x00000000ee000000|100%| E|CS|TAMS 0x00000000edf00000, 0x00000000edf00000| Complete 
| 224|0x00000000ee000000, 0x00000000ee100000, 0x00000000ee100000|100%| E|CS|TAMS 0x00000000ee000000, 0x00000000ee000000| Complete 
| 225|0x00000000ee100000, 0x00000000ee200000, 0x00000000ee200000|100%| E|CS|TAMS 0x00000000ee100000, 0x00000000ee100000| Complete 
| 226|0x00000000ee200000, 0x00000000ee300000, 0x00000000ee300000|100%| E|CS|TAMS 0x00000000ee200000, 0x00000000ee200000| Complete 
| 227|0x00000000ee300000, 0x00000000ee400000, 0x00000000ee400000|100%| E|CS|TAMS 0x00000000ee300000, 0x00000000ee300000| Complete 
| 228|0x00000000ee400000, 0x00000000ee500000, 0x00000000ee500000|100%| E|CS|TAMS 0x00000000ee400000, 0x00000000ee400000| Complete 
| 229|0x00000000ee500000, 0x00000000ee600000, 0x00000000ee600000|100%| E|  |TAMS 0x00000000ee500000, 0x00000000ee500000| Complete 
| 230|0x00000000ee600000, 0x00000000ee700000, 0x00000000ee700000|100%| E|CS|TAMS 0x00000000ee600000, 0x00000000ee600000| Complete 
| 231|0x00000000ee700000, 0x00000000ee800000, 0x00000000ee800000|100%| E|CS|TAMS 0x00000000ee700000, 0x00000000ee700000| Complete 
| 232|0x00000000ee800000, 0x00000000ee900000, 0x00000000ee900000|100%| E|CS|TAMS 0x00000000ee800000, 0x00000000ee800000| Complete 
| 233|0x00000000ee900000, 0x00000000eea00000, 0x00000000eea00000|100%| E|CS|TAMS 0x00000000ee900000, 0x00000000ee900000| Complete 
| 234|0x00000000eea00000, 0x00000000eeb00000, 0x00000000eeb00000|100%| E|CS|TAMS 0x00000000eea00000, 0x00000000eea00000| Complete 
| 235|0x00000000eeb00000, 0x00000000eec00000, 0x00000000eec00000|100%| E|CS|TAMS 0x00000000eeb00000, 0x00000000eeb00000| Complete 
| 236|0x00000000eec00000, 0x00000000eed00000, 0x00000000eed00000|100%| E|CS|TAMS 0x00000000eec00000, 0x00000000eec00000| Complete 
| 237|0x00000000eed00000, 0x00000000eee00000, 0x00000000eee00000|100%| E|CS|TAMS 0x00000000eed00000, 0x00000000eed00000| Complete 
| 238|0x00000000eee00000, 0x00000000eef00000, 0x00000000eef00000|100%| E|CS|TAMS 0x00000000eee00000, 0x00000000eee00000| Complete 
| 239|0x00000000eef00000, 0x00000000ef000000, 0x00000000ef000000|100%| E|CS|TAMS 0x00000000eef00000, 0x00000000eef00000| Complete 
| 240|0x00000000ef000000, 0x00000000ef100000, 0x00000000ef100000|100%| E|CS|TAMS 0x00000000ef000000, 0x00000000ef000000| Complete 
| 241|0x00000000ef100000, 0x00000000ef200000, 0x00000000ef200000|100%| E|CS|TAMS 0x00000000ef100000, 0x00000000ef100000| Complete 
| 242|0x00000000ef200000, 0x00000000ef300000, 0x00000000ef300000|100%| E|CS|TAMS 0x00000000ef200000, 0x00000000ef200000| Complete 
| 243|0x00000000ef300000, 0x00000000ef400000, 0x00000000ef400000|100%| E|CS|TAMS 0x00000000ef300000, 0x00000000ef300000| Complete 
| 244|0x00000000ef400000, 0x00000000ef500000, 0x00000000ef500000|100%| E|CS|TAMS 0x00000000ef400000, 0x00000000ef400000| Complete 
| 245|0x00000000ef500000, 0x00000000ef600000, 0x00000000ef600000|100%| E|CS|TAMS 0x00000000ef500000, 0x00000000ef500000| Complete 
| 246|0x00000000ef600000, 0x00000000ef700000, 0x00000000ef700000|100%| E|CS|TAMS 0x00000000ef600000, 0x00000000ef600000| Complete 
| 247|0x00000000ef700000, 0x00000000ef800000, 0x00000000ef800000|100%| E|CS|TAMS 0x00000000ef700000, 0x00000000ef700000| Complete 
| 248|0x00000000ef800000, 0x00000000ef900000, 0x00000000ef900000|100%| E|CS|TAMS 0x00000000ef800000, 0x00000000ef800000| Complete 
| 249|0x00000000ef900000, 0x00000000efa00000, 0x00000000efa00000|100%| E|CS|TAMS 0x00000000ef900000, 0x00000000ef900000| Complete 
| 250|0x00000000efa00000, 0x00000000efb00000, 0x00000000efb00000|100%| E|CS|TAMS 0x00000000efa00000, 0x00000000efa00000| Complete 
| 251|0x00000000efb00000, 0x00000000efc00000, 0x00000000efc00000|100%| E|CS|TAMS 0x00000000efb00000, 0x00000000efb00000| Complete 
| 252|0x00000000efc00000, 0x00000000efd00000, 0x00000000efd00000|100%| E|CS|TAMS 0x00000000efc00000, 0x00000000efc00000| Complete 
| 253|0x00000000efd00000, 0x00000000efe00000, 0x00000000efe00000|100%| E|CS|TAMS 0x00000000efd00000, 0x00000000efd00000| Complete 
| 254|0x00000000efe00000, 0x00000000eff00000, 0x00000000eff00000|100%| E|CS|TAMS 0x00000000efe00000, 0x00000000efe00000| Complete 
| 255|0x00000000eff00000, 0x00000000f0000000, 0x00000000f0000000|100%| E|CS|TAMS 0x00000000eff00000, 0x00000000eff00000| Complete 

Card table byte_map: [0x000001ecf96e0000,0x000001ecf97e0000] _byte_map_base: 0x000001ecf8fe0000

Marking Bits (Prev, Next): (CMBitMap*) 0x000001ece2bfab50, (CMBitMap*) 0x000001ece2bfab18
 Prev Bits: [0x000001ecfa0e0000, 0x000001ecfa8e0000)
 Next Bits: [0x000001ecf98e0000, 0x000001ecfa0e0000)

Polling page: 0x000001ece23c0000

Metaspace:

Usage:
  Non-class:     80.89 MB capacity,    78.98 MB ( 98%) used,     1.57 MB (  2%) free+waste,   343.94 KB ( <1%) overhead. 
      Class:     12.37 MB capacity,    11.11 MB ( 90%) used,     1.10 MB (  9%) free+waste,   157.06 KB (  1%) overhead. 
       Both:     93.26 MB capacity,    90.10 MB ( 97%) used,     2.67 MB (  3%) free+waste,   501.00 KB ( <1%) overhead. 

Virtual space:
  Non-class space:       84.00 MB reserved,      82.50 MB ( 98%) committed 
      Class space:      248.00 MB reserved,      12.63 MB (  5%) committed 
             Both:      332.00 MB reserved,      95.13 MB ( 29%) committed 

Chunk freelists:
   Non-Class:  192.25 KB
       Class:  26.50 KB
        Both:  218.75 KB

CodeHeap 'non-profiled nmethods': size=120000Kb used=18595Kb max_used=18770Kb free=101404Kb
 bounds [0x000001ecf1d80000, 0x000001ecf2ff0000, 0x000001ecf92b0000]
CodeHeap 'profiled nmethods': size=120000Kb used=39603Kb max_used=42520Kb free=80396Kb
 bounds [0x000001ecea850000, 0x000001eced200000, 0x000001ecf1d80000]
CodeHeap 'non-nmethods': size=5760Kb used=2320Kb max_used=2393Kb free=3439Kb
 bounds [0x000001ecea2b0000, 0x000001ecea520000, 0x000001ecea850000]
 total_blobs=19321 nmethods=18386 adapters=844
 compilation: enabled
              stopped_count=0, restarted_count=0
 full_count=0

Compilation events (10 events):
Event: 3311.366 Thread 0x000001ecfdc41000 nmethod 23099 0x000001ecf1f9f510 code [0x000001ecf1f9f6a0, 0x000001ecf1f9fc28]
Event: 3311.366 Thread 0x000001ecfdc41000 23100       4       org.apache.groovy.io.StringBuilderWriter::write (16 bytes)
Event: 3311.366 Thread 0x000001ecfdc41000 nmethod 23100 0x000001ecf1fe2110 code [0x000001ecf1fe22a0, 0x000001ecf1fe2368]
Event: 3311.373 Thread 0x000001ecfdc41000 23101   !   4       sun.nio.ch.SocketChannelImpl::write (173 bytes)
Event: 3311.381 Thread 0x000001ecfdc45800 23104       3       sun.util.locale.provider.LocaleResources::getDecimalFormatSymbolsData (210 bytes)
Event: 3311.382 Thread 0x000001ecfdc45800 nmethod 23104 0x000001eceafdb690 code [0x000001eceafdbc00, 0x000001eceafdeea8]
Event: 3311.385 Thread 0x000001ecfdc45800 23105       3       java.lang.String::format (16 bytes)
Event: 3311.385 Thread 0x000001ecfdc45800 nmethod 23105 0x000001eceaa62b10 code [0x000001eceaa62d80, 0x000001eceaa63688]
Event: 3311.409 Thread 0x000001ecfdc41000 nmethod 23101 0x000001ecf2ab4410 code [0x000001ecf2ab47e0, 0x000001ecf2ab7060]
Event: 3311.409 Thread 0x000001ecfdc41000 23103       4       org.codehaus.groovy.util.LazyReference::get (44 bytes)

GC Heap History (10 events):
Event: 3287.476 GC heap before
{Heap before GC invocations=52 (full 0):
 garbage-first heap   total 262144K, used 205130K [0x00000000e0000000, 0x0000000100000000)
  region size 1024K, 81 young (82944K), 9 survivors (9216K)
 Metaspace       used 93891K, capacity 97249K, committed 97408K, reserved 339968K
  class space    used 11600K, capacity 12880K, committed 12928K, reserved 253952K
}
Event: 3287.484 GC heap after
{Heap after GC invocations=53 (full 0):
 garbage-first heap   total 262144K, used 136909K [0x00000000e0000000, 0x0000000100000000)
  region size 1024K, 6 young (6144K), 6 survivors (6144K)
 Metaspace       used 93891K, capacity 97249K, committed 97408K, reserved 339968K
  class space    used 11600K, capacity 12880K, committed 12928K, reserved 253952K
}
Event: 3287.775 GC heap before
{Heap before GC invocations=54 (full 0):
 garbage-first heap   total 262144K, used 205517K [0x00000000e0000000, 0x0000000100000000)
  region size 1024K, 77 young (78848K), 6 survivors (6144K)
 Metaspace       used 93061K, capacity 96289K, committed 97408K, reserved 339968K
  class space    used 11470K, capacity 12731K, committed 12928K, reserved 253952K
}
Event: 3287.779 GC heap after
{Heap after GC invocations=55 (full 0):
 garbage-first heap   total 262144K, used 133420K [0x00000000e0000000, 0x0000000100000000)
  region size 1024K, 5 young (5120K), 5 survivors (5120K)
 Metaspace       used 93061K, capacity 96289K, committed 97408K, reserved 339968K
  class space    used 11470K, capacity 12731K, committed 12928K, reserved 253952K
}
Event: 3287.814 GC heap before
{Heap before GC invocations=55 (full 0):
 garbage-first heap   total 262144K, used 140588K [0x00000000e0000000, 0x0000000100000000)
  region size 1024K, 12 young (12288K), 5 survivors (5120K)
 Metaspace       used 93092K, capacity 96313K, committed 97408K, reserved 339968K
  class space    used 11474K, capacity 12739K, committed 12928K, reserved 253952K
}
Event: 3287.818 GC heap after
{Heap after GC invocations=56 (full 0):
 garbage-first heap   total 262144K, used 106457K [0x00000000e0000000, 0x0000000100000000)
  region size 1024K, 2 young (2048K), 2 survivors (2048K)
 Metaspace       used 93092K, capacity 96313K, committed 97408K, reserved 339968K
  class space    used 11474K, capacity 12739K, committed 12928K, reserved 253952K
}
Event: 3309.298 GC heap before
{Heap before GC invocations=56 (full 0):
 garbage-first heap   total 262144K, used 116697K [0x00000000e0000000, 0x0000000100000000)
  region size 1024K, 12 young (12288K), 2 survivors (2048K)
 Metaspace       used 93399K, capacity 96620K, committed 97408K, reserved 339968K
  class space    used 11521K, capacity 12774K, committed 12928K, reserved 253952K
}
Event: 3309.308 GC heap after
{Heap after GC invocations=57 (full 0):
 garbage-first heap   total 262144K, used 90695K [0x00000000e0000000, 0x0000000100000000)
  region size 1024K, 2 young (2048K), 2 survivors (2048K)
 Metaspace       used 93399K, capacity 96620K, committed 97408K, reserved 339968K
  class space    used 11521K, capacity 12774K, committed 12928K, reserved 253952K
}
Event: 3309.839 GC heap before
{Heap before GC invocations=57 (full 0):
 garbage-first heap   total 262144K, used 200263K [0x00000000e0000000, 0x0000000100000000)
  region size 1024K, 109 young (111616K), 2 survivors (2048K)
 Metaspace       used 93649K, capacity 96962K, committed 97408K, reserved 339968K
  class space    used 11537K, capacity 12821K, committed 12928K, reserved 253952K
}
Event: 3309.849 GC heap after
{Heap after GC invocations=58 (full 0):
 garbage-first heap   total 262144K, used 97711K [0x00000000e0000000, 0x0000000100000000)
  region size 1024K, 9 young (9216K), 9 survivors (9216K)
 Metaspace       used 93649K, capacity 96962K, committed 97408K, reserved 339968K
  class space    used 11537K, capacity 12821K, committed 12928K, reserved 253952K
}

Deoptimization events (10 events):
Event: 3310.045 Thread 0x000001ec84f69800 Uncommon trap: reason=array_check action=maybe_recompile pc=0x000001ecf2f4f980 method=java.util.TimSort.reverseRange([Ljava/lang/Object;II)V @ 27 c2
Event: 3310.133 Thread 0x000001ec84f69800 Uncommon trap: reason=class_check action=maybe_recompile pc=0x000001ecf22b0e98 method=org.gradle.internal.snapshot.FileSystemLeafSnapshot.accept(Lorg/gradle/internal/snapshot/RelativePathTracker;Lorg/gradle/internal/snapshot/RelativePathTrackingFileSystem
Event: 3310.133 Thread 0x000001ec84f69800 Uncommon trap: reason=bimorphic_or_optimized_type_check action=maybe_recompile pc=0x000001ecf25d08cc method=org.gradle.internal.fingerprint.impl.PatternSetSnapshottingFilter$LogicalFileTreeElement.isDirectory()Z @ 4 c2
Event: 3310.133 Thread 0x000001ec84f69800 Uncommon trap: reason=class_check action=maybe_recompile pc=0x000001ecf2842590 method=org.gradle.api.internal.file.CompositeFileTree.getSourceCollections()Ljava/util/List; @ 7 c2
Event: 3310.135 Thread 0x000001ec84f69800 Uncommon trap: reason=class_check action=maybe_recompile pc=0x000001ecf29b822c method=org.gradle.internal.snapshot.SnapshotUtil$1.handleAsDescendantOfChild(Lorg/gradle/internal/snapshot/VfsRelativePath;Ljava/lang/Object;)Ljava/lang/Object; @ 3 c2
Event: 3310.144 Thread 0x000001ec84f69800 Uncommon trap: reason=class_check action=maybe_recompile pc=0x000001ecf292e63c method=org.gradle.tooling.internal.provider.runner.ClientBuildEventGenerator$Enabled.accept(Lorg/gradle/internal/operations/BuildOperationDescriptor;)Lorg/gradle/tooling/intern
Event: 3310.145 Thread 0x000001ec84f69800 Uncommon trap: reason=null_check action=make_not_entrant pc=0x000001ecf2f59ecc method=org.gradle.internal.logging.sink.OutputEventTransformer.onOutput(Lorg/gradle/internal/logging/events/OutputEvent;)V @ 52 c2
Event: 3310.781 Thread 0x000001ec84f73800 Uncommon trap: reason=class_check action=maybe_recompile pc=0x000001ecf292e63c method=org.gradle.tooling.internal.provider.runner.ClientBuildEventGenerator$Enabled.accept(Lorg/gradle/internal/operations/BuildOperationDescriptor;)Lorg/gradle/tooling/intern
Event: 3311.036 Thread 0x000001ec84f73800 Uncommon trap: reason=unstable_if action=reinterpret pc=0x000001ecf2bab554 method=org.gradle.internal.logging.progress.DefaultProgressLoggerFactory$ProgressLoggerImpl.started(Ljava/lang/String;I)V @ 52 c2
Event: 3311.095 Thread 0x000001ec84f73800 Uncommon trap: reason=bimorphic_or_optimized_type_check action=maybe_recompile pc=0x000001ecf26c0030 method=org.codehaus.groovy.util.SingleKeyHashMap.get(Ljava/lang/Object;)Ljava/lang/Object; @ 43 c2

Classes redefined (0 events):
No events

Internal exceptions (10 events):
Event: 3309.384 Thread 0x000001ecfea8e800 Exception <a 'java/lang/ClassNotFoundException'{0x00000000efb4fe08}: ijtestinit1_e2i5evicosbxyef7bz5p36sur$1BeanInfo> (0x00000000efb4fe08) thrown at [./open/src/hotspot/share/classfile/systemDictionary.cpp, line 226]
Event: 3309.384 Thread 0x000001ecfea8e800 Exception <a 'java/lang/ClassNotFoundException'{0x00000000efb55358}: ijtestinit1_e2i5evicosbxyef7bz5p36sur$1Customizer> (0x00000000efb55358) thrown at [./open/src/hotspot/share/classfile/systemDictionary.cpp, line 226]
Event: 3309.443 Thread 0x000001ecfea8e800 Exception <a 'java/lang/NoClassDefFoundError'{0x00000000ef66d438}: org/jetbrains/kotlin/gradle/plugin/KotlinPluginWrapper> (0x00000000ef66d438) thrown at [./open/src/hotspot/share/oops/constantPool.cpp, line 770]
Event: 3310.145 Thread 0x000001ec84f69800 Implicit null exception at 0x000001ecf2f573d8 to 0x000001ecf2f59eb8
Event: 3311.035 Thread 0x000001ec84f73800 Exception <a 'java/lang/ClassNotFoundException'{0x00000000ecc204c8}: org/gradle/internal/id/CompositeIdGenerator$CompositeIdBeanInfo> (0x00000000ecc204c8) thrown at [./open/src/hotspot/share/classfile/systemDictionary.cpp, line 226]
Event: 3311.035 Thread 0x000001ec84f73800 Exception <a 'java/lang/ClassNotFoundException'{0x00000000ecc37250}: org/gradle/internal/id/CompositeIdGenerator$CompositeIdCustomizer> (0x00000000ecc37250) thrown at [./open/src/hotspot/share/classfile/systemDictionary.cpp, line 226]
Event: 3311.097 Thread 0x000001ec84f73800 Exception <a 'java/lang/ClassNotFoundException'{0x00000000eccbf320}: org/gradle/api/internal/tasks/testing/DefaultTestOutputEventBeanInfo> (0x00000000eccbf320) thrown at [./open/src/hotspot/share/classfile/systemDictionary.cpp, line 226]
Event: 3311.097 Thread 0x000001ec84f73800 Exception <a 'java/lang/ClassNotFoundException'{0x00000000ecce65a8}: org/gradle/api/internal/tasks/testing/DefaultTestOutputEventCustomizer> (0x00000000ecce65a8) thrown at [./open/src/hotspot/share/classfile/systemDictionary.cpp, line 226]
Event: 3311.099 Thread 0x000001ec84f73800 Exception <a 'java/lang/ClassNotFoundException'{0x00000000ecb6fef8}: groovy/xml/MarkupBuilderHelperBeanInfo> (0x00000000ecb6fef8) thrown at [./open/src/hotspot/share/classfile/systemDictionary.cpp, line 226]
Event: 3311.099 Thread 0x000001ec84f73800 Exception <a 'java/lang/ClassNotFoundException'{0x00000000ecbc68d0}: groovy/xml/MarkupBuilderHelperCustomizer> (0x00000000ecbc68d0) thrown at [./open/src/hotspot/share/classfile/systemDictionary.cpp, line 226]

Events (10 events):
Event: 3311.099 loading class groovy/xml/MarkupBuilderHelperCustomizer
Event: 3311.099 loading class groovy/xml/MarkupBuilderHelperCustomizer done
Event: 3311.099 loading class org/codehaus/groovy/runtime/callsite/PojoMetaMethodSite$PojoCachedMethodSiteNoUnwrap
Event: 3311.099 loading class org/codehaus/groovy/runtime/callsite/PojoMetaMethodSite$PojoCachedMethodSiteNoUnwrap done
Event: 3311.100 loading class org/gradle/api/internal/tasks/testing/junit/result/TestClassResult
Event: 3311.100 loading class org/gradle/api/internal/tasks/testing/junit/result/TestClassResult done
Event: 3311.100 loading class org/gradle/api/internal/tasks/testing/junit/result/TestOutputStore$TestCaseRegion
Event: 3311.100 loading class org/gradle/api/internal/tasks/testing/junit/result/TestOutputStore$TestCaseRegion done
Event: 3311.101 loading class org/gradle/api/internal/tasks/testing/junit/result/TestOutputStore$Region
Event: 3311.101 loading class org/gradle/api/internal/tasks/testing/junit/result/TestOutputStore$Region done


Dynamic libraries:
0x00007ff7383d0000 - 0x00007ff7383df000 	C:\Java\jdk-11.0.17\bin\java.exe
0x00007ff8fd790000 - 0x00007ff8fd988000 	C:\Windows\SYSTEM32\ntdll.dll
0x00007ff8fc920000 - 0x00007ff8fc9df000 	C:\Windows\System32\KERNEL32.DLL
0x00007ff8fb3d0000 - 0x00007ff8fb6aa000 	C:\Windows\System32\KERNELBASE.dll
0x00007ff8fb1c0000 - 0x00007ff8fb2c0000 	C:\Windows\System32\ucrtbase.dll
0x00007ff8f6b30000 - 0x00007ff8f6b48000 	C:\Java\jdk-11.0.17\bin\jli.dll
0x00007ff8fc870000 - 0x00007ff8fc91e000 	C:\Windows\System32\ADVAPI32.dll
0x00007ff8f6b10000 - 0x00007ff8f6b25000 	C:\Java\jdk-11.0.17\bin\VCRUNTIME140.dll
0x00007ff8fb9f0000 - 0x00007ff8fba8e000 	C:\Windows\System32\msvcrt.dll
0x00007ff8fc190000 - 0x00007ff8fc22c000 	C:\Windows\System32\sechost.dll
0x00007ff8fd320000 - 0x00007ff8fd446000 	C:\Windows\System32\RPCRT4.dll
0x00007ff8fb850000 - 0x00007ff8fb9ed000 	C:\Windows\System32\USER32.dll
0x00007ff8faea0000 - 0x00007ff8faec2000 	C:\Windows\System32\win32u.dll
0x00007ff8fc240000 - 0x00007ff8fc26b000 	C:\Windows\System32\GDI32.dll
0x00007ff8fb2c0000 - 0x00007ff8fb3d0000 	C:\Windows\System32\gdi32full.dll
0x00007ff8e9f70000 - 0x00007ff8ea20a000 	C:\Windows\WinSxS\amd64_microsoft.windows.common-controls_6595b64144ccf1df_6.0.19041.1110_none_60b5254171f9507e\COMCTL32.dll
0x00007ff8faf50000 - 0x00007ff8fafed000 	C:\Windows\System32\msvcp_win.dll
0x00007ff8f5330000 - 0x00007ff8f533a000 	C:\Windows\SYSTEM32\VERSION.dll
0x00007ff8fd450000 - 0x00007ff8fd480000 	C:\Windows\System32\IMM32.DLL
0x00007ff8e6030000 - 0x00007ff8e60cb000 	C:\Java\jdk-11.0.17\bin\msvcp140.dll
0x00007ff885890000 - 0x00007ff8863aa000 	C:\Java\jdk-11.0.17\bin\server\jvm.dll
0x00007ff8fc9e0000 - 0x00007ff8fc9e8000 	C:\Windows\System32\PSAPI.DLL
0x00007ff8ee590000 - 0x00007ff8ee5b7000 	C:\Windows\SYSTEM32\WINMM.dll
0x00007ff8e5380000 - 0x00007ff8e5389000 	C:\Windows\SYSTEM32\WSOCK32.dll
0x00007ff8fc4a0000 - 0x00007ff8fc50b000 	C:\Windows\System32\WS2_32.dll
0x00007ff8f8d80000 - 0x00007ff8f8d92000 	C:\Windows\SYSTEM32\kernel.appcore.dll
0x00007ff8f85f0000 - 0x00007ff8f8600000 	C:\Java\jdk-11.0.17\bin\verify.dll
0x00007ff8f42d0000 - 0x00007ff8f44b4000 	C:\Windows\SYSTEM32\DBGHELP.DLL
0x00007ff8e35c0000 - 0x00007ff8e35f4000 	C:\Windows\SYSTEM32\dbgcore.DLL
0x00007ff8fb760000 - 0x00007ff8fb7e2000 	C:\Windows\System32\bcryptPrimitives.dll
0x00007ff8e71a0000 - 0x00007ff8e71c8000 	C:\Java\jdk-11.0.17\bin\java.dll
0x00007ff8f6b00000 - 0x00007ff8f6b0a000 	C:\Java\jdk-11.0.17\bin\jimage.dll
0x00007ff8e6e50000 - 0x00007ff8e6e66000 	C:\Java\jdk-11.0.17\bin\zip.dll
0x00007ff8fcb70000 - 0x00007ff8fd2b4000 	C:\Windows\System32\SHELL32.dll
0x00007ff8f8f80000 - 0x00007ff8f9713000 	C:\Windows\SYSTEM32\windows.storage.dll
0x00007ff8fc510000 - 0x00007ff8fc864000 	C:\Windows\System32\combase.dll
0x00007ff8fa900000 - 0x00007ff8fa92e000 	C:\Windows\SYSTEM32\Wldp.dll
0x00007ff8fbc50000 - 0x00007ff8fbcfd000 	C:\Windows\System32\SHCORE.dll
0x00007ff8fd530000 - 0x00007ff8fd585000 	C:\Windows\System32\shlwapi.dll
0x00007ff8fade0000 - 0x00007ff8fadff000 	C:\Windows\SYSTEM32\profapi.dll
0x00007ff8e6e30000 - 0x00007ff8e6e49000 	C:\Java\jdk-11.0.17\bin\net.dll
0x00007ff8f46c0000 - 0x00007ff8f47ca000 	C:\Windows\SYSTEM32\WINHTTP.dll
0x00007ff8fa660000 - 0x00007ff8fa6ca000 	C:\Windows\system32\mswsock.dll
0x00007ff8e6e10000 - 0x00007ff8e6e22000 	C:\Java\jdk-11.0.17\bin\nio.dll
0x00007ff8e0b20000 - 0x00007ff8e0b47000 	C:\Users\USER\.gradle\native\68d5fa5c4cc2d200863cafc0d521ce42e7d3e7ee720ec0a83991735586a16f82\windows-amd64\native-platform.dll
0x00007ff8e3b80000 - 0x00007ff8e3cc4000 	C:\Users\USER\.gradle\native\e376f236ea51e6404a007f0833ffe2c6e607c4080706a723a18a27aeea778392\windows-amd64\native-platform-file-events.dll
0x00007ff8f1920000 - 0x00007ff8f1929000 	C:\Java\jdk-11.0.17\bin\management.dll
0x00007ff8f1780000 - 0x00007ff8f178b000 	C:\Java\jdk-11.0.17\bin\management_ext.dll
0x00007ff8fa860000 - 0x00007ff8fa878000 	C:\Windows\SYSTEM32\CRYPTSP.dll
0x00007ff8f9f10000 - 0x00007ff8f9f44000 	C:\Windows\system32\rsaenh.dll
0x00007ff8faf20000 - 0x00007ff8faf47000 	C:\Windows\System32\bcrypt.dll
0x00007ff8fada0000 - 0x00007ff8fadce000 	C:\Windows\SYSTEM32\USERENV.dll
0x00007ff8fa850000 - 0x00007ff8fa85c000 	C:\Windows\SYSTEM32\CRYPTBASE.dll
0x00007ff8fa300000 - 0x00007ff8fa33c000 	C:\Windows\SYSTEM32\IPHLPAPI.DLL
0x00007ff8fd660000 - 0x00007ff8fd668000 	C:\Windows\System32\NSI.dll
0x00007ff8f52b0000 - 0x00007ff8f52c7000 	C:\Windows\SYSTEM32\dhcpcsvc6.DLL
0x00007ff8f5590000 - 0x00007ff8f55ad000 	C:\Windows\SYSTEM32\dhcpcsvc.DLL
0x00007ff8fa350000 - 0x00007ff8fa41b000 	C:\Windows\SYSTEM32\DNSAPI.dll
0x00007ff8e6e00000 - 0x00007ff8e6e0d000 	C:\Java\jdk-11.0.17\bin\sunmscapi.dll
0x00007ff8faff0000 - 0x00007ff8fb146000 	C:\Windows\System32\CRYPT32.dll
0x00007ff8fa970000 - 0x00007ff8fa998000 	C:\Windows\SYSTEM32\ncrypt.dll
0x00007ff8fa930000 - 0x00007ff8fa96b000 	C:\Windows\SYSTEM32\NTASN1.dll
0x00007ff8e6db0000 - 0x00007ff8e6dd5000 	C:\Java\jdk-11.0.17\bin\sunec.dll
0x00007ff8e77b0000 - 0x00007ff8e77ba000 	C:\Windows\System32\rasadhlp.dll
0x00007ff8e82c0000 - 0x00007ff8e8340000 	C:\Windows\System32\fwpuclnt.dll

dbghelp: loaded successfully - version: 4.0.5 - missing functions: none
symbol engine: initialized successfully - sym options: 0x614 - pdb path: .;C:\Java\jdk-11.0.17\bin;C:\Windows\SYSTEM32;C:\Windows\WinSxS\amd64_microsoft.windows.common-controls_6595b64144ccf1df_6.0.19041.1110_none_60b5254171f9507e;C:\Java\jdk-11.0.17\bin\server;C:\Users\USER\.gradle\native\68d5fa5c4cc2d200863cafc0d521ce42e7d3e7ee720ec0a83991735586a16f82\windows-amd64;C:\Users\USER\.gradle\native\e376f236ea51e6404a007f0833ffe2c6e607c4080706a723a18a27aeea778392\windows-amd64

VM Arguments:
jvm_args: --add-opens=java.base/java.util=ALL-UNNAMED --add-opens=java.base/java.lang=ALL-UNNAMED --add-opens=java.base/java.lang.invoke=ALL-UNNAMED --add-opens=java.prefs/java.util.prefs=ALL-UNNAMED --add-opens=java.base/java.nio.charset=ALL-UNNAMED --add-opens=java.base/java.net=ALL-UNNAMED --add-opens=java.base/java.util.concurrent.atomic=ALL-UNNAMED -XX:MaxMetaspaceSize=256m -XX:+HeapDumpOnOutOfMemoryError -Xms256m -Xmx512m -Dfile.encoding=x-windows-949 -Duser.country=KR -Duser.language=ko -Duser.variant 
java_command: org.gradle.launcher.daemon.bootstrap.GradleDaemon 7.6.1
java_class_path (initial): C:\Users\USER\.gradle\wrapper\dists\gradle-7.6.1-all\942lu1p9i6mhoyzmt401s4g74\gradle-7.6.1\lib\gradle-launcher-7.6.1.jar
Launcher Type: SUN_STANDARD

[Global flags]
     intx CICompilerCount                          = 4                                         {product} {ergonomic}
   size_t CompressedClassSpaceSize                 = 260046848                                 {product} {ergonomic}
     uint ConcGCThreads                            = 2                                         {product} {ergonomic}
     uint G1ConcRefinementThreads                  = 8                                         {product} {ergonomic}
   size_t G1HeapRegionSize                         = 1048576                                   {product} {ergonomic}
    uintx GCDrainStackTargetSize                   = 64                                        {product} {ergonomic}
     bool HeapDumpOnOutOfMemoryError               = true                                   {manageable} {command line}
   size_t InitialHeapSize                          = 268435456                                 {product} {command line}
   size_t MarkStackSize                            = 4194304                                   {product} {ergonomic}
   size_t MaxHeapSize                              = 536870912                                 {product} {command line}
   size_t MaxMetaspaceSize                         = 268435456                                 {product} {command line}
   size_t MaxNewSize                               = 321912832                                 {product} {ergonomic}
   size_t MinHeapDeltaBytes                        = 1048576                                   {product} {ergonomic}
    uintx NonNMethodCodeHeapSize                   = 5836300                                {pd product} {ergonomic}
    uintx NonProfiledCodeHeapSize                  = 122910970                              {pd product} {ergonomic}
    uintx ProfiledCodeHeapSize                     = 122910970                              {pd product} {ergonomic}
    uintx ReservedCodeCacheSize                    = 251658240                              {pd product} {ergonomic}
     bool SegmentedCodeCache                       = true                                      {product} {ergonomic}
     bool UseCompressedClassPointers               = true                                 {lp64_product} {ergonomic}
     bool UseCompressedOops                        = true                                 {lp64_product} {ergonomic}
     bool UseG1GC                                  = true                                      {product} {ergonomic}
     bool UseLargePagesIndividualAllocation        = false                                  {pd product} {ergonomic}

Logging:
Log output configuration:
 #0: stdout all=warning uptime,level,tags
 #1: stderr all=off uptime,level,tags

Environment Variables:
JAVA_HOME=C:\Java\jdk-11.0.17
PATH=C:\Java\jdk-11.0.17\bin;C:\nodejs;C:\Program Files\MySQL\MySQL Server 8.0\bin;C:\apache-tomcat-9.0.71\bin;C:\Program Files\Common Files\Oracle\Java\javapath;C:\oraclexe\app\oracle\product\11.2.0\server\bin;C:\Windows\system32;C:\Windows;C:\Windows\System32\Wbem;C:\Windows\System32\WindowsPowerShell\v1.0\;C:\Windows\System32\OpenSSH\;C:\Program Files (x86)\NVIDIA Corporation\PhysX\Common;C:\Program Files\NVIDIA Corporation\NVIDIA NvDLISR;C:\Git\cmd;C:\PuTTY\;C:\Program Files\MySQL\MySQL Shell 8.0\bin\;C:\Users\USER\AppData\Local\Microsoft\WindowsApps;C:\Program Files\Bandizip\;C:\Users\USER\AppData\Local\Programs\Microsoft VS Code\bin
USERNAME=USER
OS=Windows_NT
PROCESSOR_IDENTIFIER=AMD64 Family 23 Model 113 Stepping 0, AuthenticAMD



---------------  S Y S T E M  ---------------

OS: Windows 10 , 64 bit Build 19041 (10.0.19041.2788)

CPU:total 8 (initial active 8) (8 cores per cpu, 2 threads per core) family 23 model 113 stepping 0 microcode 0x0, cmov, cx8, fxsr, mmx, sse, sse2, sse3, ssse3, sse4.1, sse4.2, popcnt, avx, avx2, aes, clmul, mmxext, 3dnowpref, lzcnt, sse4a, ht, tsc, tscinvbit, tscinv, bmi1, bmi2, adx, 

Memory: 4k page, system-wide physical 16318M (5215M free)
TotalPageFile size 46032M (AvailPageFile size 5M)
current process WorkingSet (physical memory assigned to process): 571M, peak: 585M
current process commit charge ("private bytes"): 622M, peak: 628M

vm_info: Java HotSpot(TM) 64-Bit Server VM (11.0.17+10-LTS-269) for windows-amd64 JRE (11.0.17+10-LTS-269), built on Sep 13 2022 19:26:37 by "mach5one" with MS VC++ 15.9 (VS2017)

END.
